[  5%] [32mBuilding CXX object CMakeFiles/irobot_create_ignition_pose_republisher_lib.dir/src/pose_republisher/pose_republisher_node.cpp.o[0m
[ 11%] [32mBuilding CXX object CMakeFiles/irobot_create_ignition_sensors_lib.dir/src/sensors/sensors_node.cpp.o[0m
[ 16%] [32mBuilding CXX object CMakeFiles/irobot_create_ignition_sensors_lib.dir/src/sensors/bumper.cpp.o[0m
[ 22%] [32mBuilding CXX object CMakeFiles/irobot_create_ignition_sensors_lib.dir/src/sensors/cliff.cpp.o[0m
[ 27%] [32mBuilding CXX object CMakeFiles/irobot_create_ignition_sensors_lib.dir/src/sensors/ir_opcode.cpp.o[0m
[ 33%] [32mBuilding CXX object CMakeFiles/irobot_create_ignition_interface_buttons_lib.dir/src/interface_buttons/interface_buttons_node.cpp.o[0m
[ 38%] [32mBuilding CXX object CMakeFiles/irobot_create_ignition_sensors_lib.dir/src/sensors/ir_intensity.cpp.o[0m
[ 44%] [32mBuilding CXX object CMakeFiles/irobot_create_ignition_sensors_lib.dir/src/sensors/mouse.cpp.o[0m
gmake[2]: *** [CMakeFiles/irobot_create_ignition_pose_republisher_lib.dir/build.make:76: CMakeFiles/irobot_create_ignition_pose_republisher_lib.dir/src/pose_republisher/pose_republisher_node.cpp.o] Interrupt
gmake[2]: *** [CMakeFiles/irobot_create_ignition_interface_buttons_lib.dir/build.make:76: CMakeFiles/irobot_create_ignition_interface_buttons_lib.dir/src/interface_buttons/interface_buttons_node.cpp.o] Interrupt
gmake[2]: *** [CMakeFiles/irobot_create_ignition_sensors_lib.dir/build.make:76: CMakeFiles/irobot_create_ignition_sensors_lib.dir/src/sensors/sensors_node.cpp.o] Interrupt
gmake[2]: *** [CMakeFiles/irobot_create_ignition_sensors_lib.dir/build.make:90: CMakeFiles/irobot_create_ignition_sensors_lib.dir/src/sensors/bumper.cpp.o] Interrupt
gmake[2]: *** [CMakeFiles/irobot_create_ignition_sensors_lib.dir/build.make:104: CMakeFiles/irobot_create_ignition_sensors_lib.dir/src/sensors/cliff.cpp.o] Interrupt
gmake[2]: *** [CMakeFiles/irobot_create_ignition_sensors_lib.dir/build.make:118: CMakeFiles/irobot_create_ignition_sensors_lib.dir/src/sensors/ir_intensity.cpp.o] Interrupt
gmake[2]: *** [CMakeFiles/irobot_create_ignition_sensors_lib.dir/build.make:132: CMakeFiles/irobot_create_ignition_sensors_lib.dir/src/sensors/ir_opcode.cpp.o] Interrupt
gmake[2]: *** [CMakeFiles/irobot_create_ignition_sensors_lib.dir/build.make:146: CMakeFiles/irobot_create_ignition_sensors_lib.dir/src/sensors/mouse.cpp.o] Interrupt
gmake[1]: *** [CMakeFiles/Makefile2:147: CMakeFiles/irobot_create_ignition_pose_republisher_lib.dir/all] Interrupt
gmake[1]: *** [CMakeFiles/Makefile2:199: CMakeFiles/irobot_create_ignition_interface_buttons_lib.dir/all] Interrupt
gmake[1]: *** [CMakeFiles/Makefile2:173: CMakeFiles/irobot_create_ignition_sensors_lib.dir/all] Interrupt
gmake: *** [Makefile:146: all] Interrupt
