[0.035s] Invoking command in '/home/alex/Programming/ROS2/Ingenia/Ground-Air-ISE23-24/Code/Gazebo Simulation/Simulation_ws/build/irobot_create_ignition_toolbox': AMENT_PREFIX_PATH=/home/alex/Programming/ROS2/Ingenia/Ground-Air-ISE23-24/Code/Gazebo Simulation/Simulation_ws/install/irobot_create_toolbox:${AMENT_PREFIX_PATH} CMAKE_PREFIX_PATH=/home/alex/Programming/ROS2/Ingenia/Ground-Air-ISE23-24/Code/Gazebo Simulation/Simulation_ws/install/irobot_create_toolbox:/opt/ros/humble LD_LIBRARY_PATH=/home/alex/Programming/ROS2/Ingenia/Ground-Air-ISE23-24/Code/Gazebo Simulation/Simulation_ws/install/irobot_create_toolbox/lib:${LD_LIBRARY_PATH} /usr/bin/cmake --build /home/alex/Programming/ROS2/Ingenia/Ground-Air-ISE23-24/Code/Gazebo Simulation/Simulation_ws/build/irobot_create_ignition_toolbox -- -j8 -l8
[0.147s] [  5%] [32mBuilding CXX object CMakeFiles/irobot_create_ignition_pose_republisher_lib.dir/src/pose_republisher/pose_republisher_node.cpp.o[0m
[0.152s] [ 11%] [32mBuilding CXX object CMakeFiles/irobot_create_ignition_sensors_lib.dir/src/sensors/sensors_node.cpp.o[0m
[0.155s] [ 16%] [32mBuilding CXX object CMakeFiles/irobot_create_ignition_sensors_lib.dir/src/sensors/bumper.cpp.o[0m
[0.158s] [ 22%] [32mBuilding CXX object CMakeFiles/irobot_create_ignition_sensors_lib.dir/src/sensors/cliff.cpp.o[0m
[0.162s] [ 27%] [32mBuilding CXX object CMakeFiles/irobot_create_ignition_sensors_lib.dir/src/sensors/ir_opcode.cpp.o[0m
[0.163s] [ 33%] [32mBuilding CXX object CMakeFiles/irobot_create_ignition_interface_buttons_lib.dir/src/interface_buttons/interface_buttons_node.cpp.o[0m
[0.165s] [ 38%] [32mBuilding CXX object CMakeFiles/irobot_create_ignition_sensors_lib.dir/src/sensors/ir_intensity.cpp.o[0m
[0.181s] [ 44%] [32mBuilding CXX object CMakeFiles/irobot_create_ignition_sensors_lib.dir/src/sensors/mouse.cpp.o[0m
[13.166s] gmake[2]: *** [CMakeFiles/irobot_create_ignition_pose_republisher_lib.dir/build.make:76: CMakeFiles/irobot_create_ignition_pose_republisher_lib.dir/src/pose_republisher/pose_republisher_node.cpp.o] Interrupt
[13.171s] gmake[2]: *** [CMakeFiles/irobot_create_ignition_interface_buttons_lib.dir/build.make:76: CMakeFiles/irobot_create_ignition_interface_buttons_lib.dir/src/interface_buttons/interface_buttons_node.cpp.o] Interrupt
[13.172s] gmake[2]: *** [CMakeFiles/irobot_create_ignition_sensors_lib.dir/build.make:76: CMakeFiles/irobot_create_ignition_sensors_lib.dir/src/sensors/sensors_node.cpp.o] Interrupt
[13.172s] gmake[2]: *** [CMakeFiles/irobot_create_ignition_sensors_lib.dir/build.make:90: CMakeFiles/irobot_create_ignition_sensors_lib.dir/src/sensors/bumper.cpp.o] Interrupt
[13.173s] gmake[2]: *** [CMakeFiles/irobot_create_ignition_sensors_lib.dir/build.make:104: CMakeFiles/irobot_create_ignition_sensors_lib.dir/src/sensors/cliff.cpp.o] Interrupt
[13.173s] gmake[2]: *** [CMakeFiles/irobot_create_ignition_sensors_lib.dir/build.make:118: CMakeFiles/irobot_create_ignition_sensors_lib.dir/src/sensors/ir_intensity.cpp.o] Interrupt
[13.181s] gmake[2]: *** [CMakeFiles/irobot_create_ignition_sensors_lib.dir/build.make:132: CMakeFiles/irobot_create_ignition_sensors_lib.dir/src/sensors/ir_opcode.cpp.o] Interrupt
[13.185s] gmake[2]: *** [CMakeFiles/irobot_create_ignition_sensors_lib.dir/build.make:146: CMakeFiles/irobot_create_ignition_sensors_lib.dir/src/sensors/mouse.cpp.o] Interrupt
[13.185s] gmake[1]: *** [CMakeFiles/Makefile2:147: CMakeFiles/irobot_create_ignition_pose_republisher_lib.dir/all] Interrupt
[13.185s] gmake[1]: *** [CMakeFiles/Makefile2:199: CMakeFiles/irobot_create_ignition_interface_buttons_lib.dir/all] Interrupt
[13.185s] gmake[1]: *** [CMakeFiles/Makefile2:173: CMakeFiles/irobot_create_ignition_sensors_lib.dir/all] Interrupt
[13.185s] gmake: *** [Makefile:146: all] Interrupt
[13.235s] Invoked command in '/home/alex/Programming/ROS2/Ingenia/Ground-Air-ISE23-24/Code/Gazebo Simulation/Simulation_ws/build/irobot_create_ignition_toolbox' returned '-2': AMENT_PREFIX_PATH=/home/alex/Programming/ROS2/Ingenia/Ground-Air-ISE23-24/Code/Gazebo Simulation/Simulation_ws/install/irobot_create_toolbox:${AMENT_PREFIX_PATH} CMAKE_PREFIX_PATH=/home/alex/Programming/ROS2/Ingenia/Ground-Air-ISE23-24/Code/Gazebo Simulation/Simulation_ws/install/irobot_create_toolbox:/opt/ros/humble LD_LIBRARY_PATH=/home/alex/Programming/ROS2/Ingenia/Ground-Air-ISE23-24/Code/Gazebo Simulation/Simulation_ws/install/irobot_create_toolbox/lib:${LD_LIBRARY_PATH} /usr/bin/cmake --build /home/alex/Programming/ROS2/Ingenia/Ground-Air-ISE23-24/Code/Gazebo Simulation/Simulation_ws/build/irobot_create_ignition_toolbox -- -j8 -l8
