[0.015s] Invoking command in '/home/manuel/create3Git_ws/Ground-Air-ISE23-24/Code/Gazebo Simulation/Simulation_ws/build/irobot_create_ignition_plugins': CMAKE_PREFIX_PATH=/opt/ros/humble /usr/bin/cmake --build /home/manuel/create3Git_ws/Ground-Air-ISE23-24/Code/Gazebo Simulation/Simulation_ws/build/irobot_create_ignition_plugins -- -j16 -l16
[0.085s] [ 16%] [34m[1mAutomatic MOC for target Create3Hmi[0m
[0.113s] [ 16%] Built target Create3Hmi_autogen
[0.142s] [100%] Built target Create3Hmi
[0.155s] Invoked command in '/home/manuel/create3Git_ws/Ground-Air-ISE23-24/Code/Gazebo Simulation/Simulation_ws/build/irobot_create_ignition_plugins' returned '0': CMAKE_PREFIX_PATH=/opt/ros/humble /usr/bin/cmake --build /home/manuel/create3Git_ws/Ground-Air-ISE23-24/Code/Gazebo Simulation/Simulation_ws/build/irobot_create_ignition_plugins -- -j16 -l16
[0.181s] Invoking command in '/home/manuel/create3Git_ws/Ground-Air-ISE23-24/Code/Gazebo Simulation/Simulation_ws/build/irobot_create_ignition_plugins': CMAKE_PREFIX_PATH=/opt/ros/humble /usr/bin/cmake --install /home/manuel/create3Git_ws/Ground-Air-ISE23-24/Code/Gazebo Simulation/Simulation_ws/build/irobot_create_ignition_plugins
[0.189s] -- Install configuration: ""
[0.190s] -- Execute custom install script
[0.191s] -- Up-to-date symlink: /home/manuel/create3Git_ws/Ground-Air-ISE23-24/Code/Gazebo Simulation/Simulation_ws/install/irobot_create_ignition_plugins/share/irobot_create_ignition_plugins/lib/libCreate3Hmi.so
[0.191s] -- Up-to-date symlink: /home/manuel/create3Git_ws/Ground-Air-ISE23-24/Code/Gazebo Simulation/Simulation_ws/install/irobot_create_ignition_plugins/share/ament_index/resource_index/package_run_dependencies/irobot_create_ignition_plugins
[0.192s] -- Up-to-date symlink: /home/manuel/create3Git_ws/Ground-Air-ISE23-24/Code/Gazebo Simulation/Simulation_ws/install/irobot_create_ignition_plugins/share/ament_index/resource_index/parent_prefix_path/irobot_create_ignition_plugins
[0.192s] -- Up-to-date symlink: /home/manuel/create3Git_ws/Ground-Air-ISE23-24/Code/Gazebo Simulation/Simulation_ws/install/irobot_create_ignition_plugins/share/irobot_create_ignition_plugins/environment/ament_prefix_path.sh
[0.192s] -- Up-to-date symlink: /home/manuel/create3Git_ws/Ground-Air-ISE23-24/Code/Gazebo Simulation/Simulation_ws/install/irobot_create_ignition_plugins/share/irobot_create_ignition_plugins/environment/ament_prefix_path.dsv
[0.192s] -- Up-to-date symlink: /home/manuel/create3Git_ws/Ground-Air-ISE23-24/Code/Gazebo Simulation/Simulation_ws/install/irobot_create_ignition_plugins/share/irobot_create_ignition_plugins/environment/path.sh
[0.193s] -- Up-to-date symlink: /home/manuel/create3Git_ws/Ground-Air-ISE23-24/Code/Gazebo Simulation/Simulation_ws/install/irobot_create_ignition_plugins/share/irobot_create_ignition_plugins/environment/path.dsv
[0.193s] -- Up-to-date symlink: /home/manuel/create3Git_ws/Ground-Air-ISE23-24/Code/Gazebo Simulation/Simulation_ws/install/irobot_create_ignition_plugins/share/irobot_create_ignition_plugins/local_setup.bash
[0.193s] -- Up-to-date symlink: /home/manuel/create3Git_ws/Ground-Air-ISE23-24/Code/Gazebo Simulation/Simulation_ws/install/irobot_create_ignition_plugins/share/irobot_create_ignition_plugins/local_setup.sh
[0.193s] -- Up-to-date symlink: /home/manuel/create3Git_ws/Ground-Air-ISE23-24/Code/Gazebo Simulation/Simulation_ws/install/irobot_create_ignition_plugins/share/irobot_create_ignition_plugins/local_setup.zsh
[0.193s] -- Up-to-date symlink: /home/manuel/create3Git_ws/Ground-Air-ISE23-24/Code/Gazebo Simulation/Simulation_ws/install/irobot_create_ignition_plugins/share/irobot_create_ignition_plugins/local_setup.dsv
[0.194s] -- Symlinking: /home/manuel/create3Git_ws/Ground-Air-ISE23-24/Code/Gazebo Simulation/Simulation_ws/install/irobot_create_ignition_plugins/share/irobot_create_ignition_plugins/package.dsv
[0.202s] -- Up-to-date symlink: /home/manuel/create3Git_ws/Ground-Air-ISE23-24/Code/Gazebo Simulation/Simulation_ws/install/irobot_create_ignition_plugins/share/ament_index/resource_index/packages/irobot_create_ignition_plugins
[0.202s] -- Up-to-date symlink: /home/manuel/create3Git_ws/Ground-Air-ISE23-24/Code/Gazebo Simulation/Simulation_ws/install/irobot_create_ignition_plugins/share/irobot_create_ignition_plugins/cmake/irobot_create_ignition_pluginsConfig.cmake
[0.202s] -- Up-to-date symlink: /home/manuel/create3Git_ws/Ground-Air-ISE23-24/Code/Gazebo Simulation/Simulation_ws/install/irobot_create_ignition_plugins/share/irobot_create_ignition_plugins/cmake/irobot_create_ignition_pluginsConfig-version.cmake
[0.202s] -- Up-to-date symlink: /home/manuel/create3Git_ws/Ground-Air-ISE23-24/Code/Gazebo Simulation/Simulation_ws/install/irobot_create_ignition_plugins/share/irobot_create_ignition_plugins/package.xml
[0.212s] Invoked command in '/home/manuel/create3Git_ws/Ground-Air-ISE23-24/Code/Gazebo Simulation/Simulation_ws/build/irobot_create_ignition_plugins' returned '0': CMAKE_PREFIX_PATH=/opt/ros/humble /usr/bin/cmake --install /home/manuel/create3Git_ws/Ground-Air-ISE23-24/Code/Gazebo Simulation/Simulation_ws/build/irobot_create_ignition_plugins
