[0.010s] Invoking command in '/home/manuel/create3Git_ws/Ground-Air-ISE23-24/Code/Gazebo Simulation/Simulation_ws/build/irobot_create_description': AMENT_PREFIX_PATH=/home/manuel/create3Git_ws/Ground-Air-ISE23-24/Code/Gazebo Simulation/Simulation_ws/install/irobot_create_control:${AMENT_PREFIX_PATH} CMAKE_PREFIX_PATH=/home/manuel/create3Git_ws/Ground-Air-ISE23-24/Code/Gazebo Simulation/Simulation_ws/install/irobot_create_control:/opt/ros/humble /usr/bin/cmake /home/manuel/create3Git_ws/Ground-Air-ISE23-24/Code/Gazebo Simulation/Simulation_ws/src/create3_sim/irobot_create_common/irobot_create_description -DAMENT_CMAKE_SYMLINK_INSTALL=1 -DCMAKE_INSTALL_PREFIX=/home/manuel/create3Git_ws/Ground-Air-ISE23-24/Code/Gazebo Simulation/Simulation_ws/install/irobot_create_description
[0.080s] -- The C compiler identification is GNU 11.4.0
[0.173s] -- The CXX compiler identification is GNU 11.4.0
[0.185s] -- Detecting C compiler ABI info
[0.292s] -- Detecting C compiler ABI info - done
[0.305s] -- Check for working C compiler: /usr/bin/cc - skipped
[0.305s] -- Detecting C compile features
[0.306s] -- Detecting C compile features - done
[0.311s] -- Detecting CXX compiler ABI info
[0.405s] -- Detecting CXX compiler ABI info - done
[0.412s] -- Check for working CXX compiler: /usr/bin/c++ - skipped
[0.412s] -- Detecting CXX compile features
[0.412s] -- Detecting CXX compile features - done
[0.414s] -- Found ament_cmake: 1.3.8 (/opt/ros/humble/share/ament_cmake/cmake)
[0.627s] -- Found Python3: /usr/bin/python3 (found version "3.10.12") found components: Interpreter 
[0.732s] -- Override CMake install command with custom implementation using symlinks instead of copying resources
[0.782s] -- Found ament_lint_auto: 0.12.10 (/opt/ros/humble/share/ament_lint_auto/cmake)
[0.858s] -- Added test 'lint_cmake' to check CMake code style
[0.859s] -- Configuring done
[0.862s] -- Generating done
[0.863s] -- Build files have been written to: /home/manuel/create3Git_ws/Ground-Air-ISE23-24/Code/Gazebo Simulation/Simulation_ws/build/irobot_create_description
[0.868s] Invoked command in '/home/manuel/create3Git_ws/Ground-Air-ISE23-24/Code/Gazebo Simulation/Simulation_ws/build/irobot_create_description' returned '0': AMENT_PREFIX_PATH=/home/manuel/create3Git_ws/Ground-Air-ISE23-24/Code/Gazebo Simulation/Simulation_ws/install/irobot_create_control:${AMENT_PREFIX_PATH} CMAKE_PREFIX_PATH=/home/manuel/create3Git_ws/Ground-Air-ISE23-24/Code/Gazebo Simulation/Simulation_ws/install/irobot_create_control:/opt/ros/humble /usr/bin/cmake /home/manuel/create3Git_ws/Ground-Air-ISE23-24/Code/Gazebo Simulation/Simulation_ws/src/create3_sim/irobot_create_common/irobot_create_description -DAMENT_CMAKE_SYMLINK_INSTALL=1 -DCMAKE_INSTALL_PREFIX=/home/manuel/create3Git_ws/Ground-Air-ISE23-24/Code/Gazebo Simulation/Simulation_ws/install/irobot_create_description
[0.870s] Invoking command in '/home/manuel/create3Git_ws/Ground-Air-ISE23-24/Code/Gazebo Simulation/Simulation_ws/build/irobot_create_description': AMENT_PREFIX_PATH=/home/manuel/create3Git_ws/Ground-Air-ISE23-24/Code/Gazebo Simulation/Simulation_ws/install/irobot_create_control:${AMENT_PREFIX_PATH} CMAKE_PREFIX_PATH=/home/manuel/create3Git_ws/Ground-Air-ISE23-24/Code/Gazebo Simulation/Simulation_ws/install/irobot_create_control:/opt/ros/humble /usr/bin/cmake --build /home/manuel/create3Git_ws/Ground-Air-ISE23-24/Code/Gazebo Simulation/Simulation_ws/build/irobot_create_description -- -j16 -l16
[0.907s] Invoked command in '/home/manuel/create3Git_ws/Ground-Air-ISE23-24/Code/Gazebo Simulation/Simulation_ws/build/irobot_create_description' returned '0': AMENT_PREFIX_PATH=/home/manuel/create3Git_ws/Ground-Air-ISE23-24/Code/Gazebo Simulation/Simulation_ws/install/irobot_create_control:${AMENT_PREFIX_PATH} CMAKE_PREFIX_PATH=/home/manuel/create3Git_ws/Ground-Air-ISE23-24/Code/Gazebo Simulation/Simulation_ws/install/irobot_create_control:/opt/ros/humble /usr/bin/cmake --build /home/manuel/create3Git_ws/Ground-Air-ISE23-24/Code/Gazebo Simulation/Simulation_ws/build/irobot_create_description -- -j16 -l16
[0.932s] Invoking command in '/home/manuel/create3Git_ws/Ground-Air-ISE23-24/Code/Gazebo Simulation/Simulation_ws/build/irobot_create_description': AMENT_PREFIX_PATH=/home/manuel/create3Git_ws/Ground-Air-ISE23-24/Code/Gazebo Simulation/Simulation_ws/install/irobot_create_control:${AMENT_PREFIX_PATH} CMAKE_PREFIX_PATH=/home/manuel/create3Git_ws/Ground-Air-ISE23-24/Code/Gazebo Simulation/Simulation_ws/install/irobot_create_control:/opt/ros/humble /usr/bin/cmake --install /home/manuel/create3Git_ws/Ground-Air-ISE23-24/Code/Gazebo Simulation/Simulation_ws/build/irobot_create_description
[0.938s] -- Install configuration: ""
[0.938s] -- Execute custom install script
[0.938s] -- Symlinking: /home/manuel/create3Git_ws/Ground-Air-ISE23-24/Code/Gazebo Simulation/Simulation_ws/install/irobot_create_description/share/irobot_create_description//meshes/body_visual.dae
[0.946s] -- Symlinking: /home/manuel/create3Git_ws/Ground-Air-ISE23-24/Code/Gazebo Simulation/Simulation_ws/install/irobot_create_description/share/irobot_create_description//meshes/bumper_collision.dae
[0.954s] -- Symlinking: /home/manuel/create3Git_ws/Ground-Air-ISE23-24/Code/Gazebo Simulation/Simulation_ws/install/irobot_create_description/share/irobot_create_description//meshes/bumper_visual.dae
[0.961s] -- Symlinking: /home/manuel/create3Git_ws/Ground-Air-ISE23-24/Code/Gazebo Simulation/Simulation_ws/install/irobot_create_description/share/irobot_create_description//meshes/dock/visual.dae
[0.969s] -- Symlinking: /home/manuel/create3Git_ws/Ground-Air-ISE23-24/Code/Gazebo Simulation/Simulation_ws/install/irobot_create_description/share/irobot_create_description//urdf/bumper.urdf.xacro
[0.976s] -- Symlinking: /home/manuel/create3Git_ws/Ground-Air-ISE23-24/Code/Gazebo Simulation/Simulation_ws/install/irobot_create_description/share/irobot_create_description//urdf/button.urdf.xacro
[0.983s] -- Symlinking: /home/manuel/create3Git_ws/Ground-Air-ISE23-24/Code/Gazebo Simulation/Simulation_ws/install/irobot_create_description/share/irobot_create_description//urdf/caster.urdf.xacro
[0.990s] -- Symlinking: /home/manuel/create3Git_ws/Ground-Air-ISE23-24/Code/Gazebo Simulation/Simulation_ws/install/irobot_create_description/share/irobot_create_description//urdf/common_properties.urdf.xacro
[0.998s] -- Symlinking: /home/manuel/create3Git_ws/Ground-Air-ISE23-24/Code/Gazebo Simulation/Simulation_ws/install/irobot_create_description/share/irobot_create_description//urdf/create3.urdf.xacro
[1.007s] -- Symlinking: /home/manuel/create3Git_ws/Ground-Air-ISE23-24/Code/Gazebo Simulation/Simulation_ws/install/irobot_create_description/share/irobot_create_description//urdf/dock/ir_emitter.urdf.xacro
[1.015s] -- Symlinking: /home/manuel/create3Git_ws/Ground-Air-ISE23-24/Code/Gazebo Simulation/Simulation_ws/install/irobot_create_description/share/irobot_create_description//urdf/dock/standard_dock.urdf.xacro
[1.022s] -- Symlinking: /home/manuel/create3Git_ws/Ground-Air-ISE23-24/Code/Gazebo Simulation/Simulation_ws/install/irobot_create_description/share/irobot_create_description//urdf/sensors/cliff_sensor.urdf.xacro
[1.030s] -- Symlinking: /home/manuel/create3Git_ws/Ground-Air-ISE23-24/Code/Gazebo Simulation/Simulation_ws/install/irobot_create_description/share/irobot_create_description//urdf/sensors/imu.urdf.xacro
[1.037s] -- Symlinking: /home/manuel/create3Git_ws/Ground-Air-ISE23-24/Code/Gazebo Simulation/Simulation_ws/install/irobot_create_description/share/irobot_create_description//urdf/sensors/ir_intensity.urdf.xacro
[1.045s] -- Symlinking: /home/manuel/create3Git_ws/Ground-Air-ISE23-24/Code/Gazebo Simulation/Simulation_ws/install/irobot_create_description/share/irobot_create_description//urdf/sensors/ir_opcode_receivers.urdf.xacro
[1.053s] -- Symlinking: /home/manuel/create3Git_ws/Ground-Air-ISE23-24/Code/Gazebo Simulation/Simulation_ws/install/irobot_create_description/share/irobot_create_description//urdf/sensors/optical_mouse.urdf.xacro
[1.060s] -- Symlinking: /home/manuel/create3Git_ws/Ground-Air-ISE23-24/Code/Gazebo Simulation/Simulation_ws/install/irobot_create_description/share/irobot_create_description//urdf/wheel.urdf.xacro
[1.069s] -- Symlinking: /home/manuel/create3Git_ws/Ground-Air-ISE23-24/Code/Gazebo Simulation/Simulation_ws/install/irobot_create_description/share/irobot_create_description//urdf/wheel_drop.urdf.xacro
[1.077s] -- Symlinking: /home/manuel/create3Git_ws/Ground-Air-ISE23-24/Code/Gazebo Simulation/Simulation_ws/install/irobot_create_description/share/irobot_create_description//urdf/wheel_with_wheeldrop.urdf.xacro
[1.085s] -- Symlinking: /home/manuel/create3Git_ws/Ground-Air-ISE23-24/Code/Gazebo Simulation/Simulation_ws/install/irobot_create_description/share/ament_index/resource_index/package_run_dependencies/irobot_create_description
[1.092s] -- Symlinking: /home/manuel/create3Git_ws/Ground-Air-ISE23-24/Code/Gazebo Simulation/Simulation_ws/install/irobot_create_description/share/ament_index/resource_index/parent_prefix_path/irobot_create_description
[1.100s] -- Symlinking: /home/manuel/create3Git_ws/Ground-Air-ISE23-24/Code/Gazebo Simulation/Simulation_ws/install/irobot_create_description/share/irobot_create_description/environment/ament_prefix_path.sh
[1.108s] -- Symlinking: /home/manuel/create3Git_ws/Ground-Air-ISE23-24/Code/Gazebo Simulation/Simulation_ws/install/irobot_create_description/share/irobot_create_description/environment/ament_prefix_path.dsv
[1.115s] -- Symlinking: /home/manuel/create3Git_ws/Ground-Air-ISE23-24/Code/Gazebo Simulation/Simulation_ws/install/irobot_create_description/share/irobot_create_description/environment/path.sh
[1.123s] -- Symlinking: /home/manuel/create3Git_ws/Ground-Air-ISE23-24/Code/Gazebo Simulation/Simulation_ws/install/irobot_create_description/share/irobot_create_description/environment/path.dsv
[1.131s] -- Symlinking: /home/manuel/create3Git_ws/Ground-Air-ISE23-24/Code/Gazebo Simulation/Simulation_ws/install/irobot_create_description/share/irobot_create_description/local_setup.bash
[1.138s] -- Symlinking: /home/manuel/create3Git_ws/Ground-Air-ISE23-24/Code/Gazebo Simulation/Simulation_ws/install/irobot_create_description/share/irobot_create_description/local_setup.sh
[1.145s] -- Symlinking: /home/manuel/create3Git_ws/Ground-Air-ISE23-24/Code/Gazebo Simulation/Simulation_ws/install/irobot_create_description/share/irobot_create_description/local_setup.zsh
[1.152s] -- Symlinking: /home/manuel/create3Git_ws/Ground-Air-ISE23-24/Code/Gazebo Simulation/Simulation_ws/install/irobot_create_description/share/irobot_create_description/local_setup.dsv
[1.161s] -- Symlinking: /home/manuel/create3Git_ws/Ground-Air-ISE23-24/Code/Gazebo Simulation/Simulation_ws/install/irobot_create_description/share/irobot_create_description/package.dsv
[1.168s] -- Symlinking: /home/manuel/create3Git_ws/Ground-Air-ISE23-24/Code/Gazebo Simulation/Simulation_ws/install/irobot_create_description/share/ament_index/resource_index/packages/irobot_create_description
[1.175s] -- Symlinking: /home/manuel/create3Git_ws/Ground-Air-ISE23-24/Code/Gazebo Simulation/Simulation_ws/install/irobot_create_description/share/irobot_create_description/cmake/irobot_create_descriptionConfig.cmake
[1.182s] -- Symlinking: /home/manuel/create3Git_ws/Ground-Air-ISE23-24/Code/Gazebo Simulation/Simulation_ws/install/irobot_create_description/share/irobot_create_description/cmake/irobot_create_descriptionConfig-version.cmake
[1.189s] -- Symlinking: /home/manuel/create3Git_ws/Ground-Air-ISE23-24/Code/Gazebo Simulation/Simulation_ws/install/irobot_create_description/share/irobot_create_description/package.xml
[1.199s] Invoked command in '/home/manuel/create3Git_ws/Ground-Air-ISE23-24/Code/Gazebo Simulation/Simulation_ws/build/irobot_create_description' returned '0': AMENT_PREFIX_PATH=/home/manuel/create3Git_ws/Ground-Air-ISE23-24/Code/Gazebo Simulation/Simulation_ws/install/irobot_create_control:${AMENT_PREFIX_PATH} CMAKE_PREFIX_PATH=/home/manuel/create3Git_ws/Ground-Air-ISE23-24/Code/Gazebo Simulation/Simulation_ws/install/irobot_create_control:/opt/ros/humble /usr/bin/cmake --install /home/manuel/create3Git_ws/Ground-Air-ISE23-24/Code/Gazebo Simulation/Simulation_ws/build/irobot_create_description
