[0.021s] Invoking command in '/home/manuel/create3Git_ws/Ground-Air-ISE23-24/Code/Gazebo Simulation/Simulation_ws/build/irobot_create_common_bringup': AMENT_PREFIX_PATH=/home/manuel/create3Git_ws/Ground-Air-ISE23-24/Code/Gazebo Simulation/Simulation_ws/install/irobot_create_nodes:/home/manuel/create3Git_ws/Ground-Air-ISE23-24/Code/Gazebo Simulation/Simulation_ws/install/irobot_create_description:/home/manuel/create3Git_ws/Ground-Air-ISE23-24/Code/Gazebo Simulation/Simulation_ws/install/irobot_create_toolbox:/home/manuel/create3Git_ws/Ground-Air-ISE23-24/Code/Gazebo Simulation/Simulation_ws/install/irobot_create_control:${AMENT_PREFIX_PATH} CMAKE_PREFIX_PATH=/home/manuel/create3Git_ws/Ground-Air-ISE23-24/Code/Gazebo Simulation/Simulation_ws/install/irobot_create_nodes:/home/manuel/create3Git_ws/Ground-Air-ISE23-24/Code/Gazebo Simulation/Simulation_ws/install/irobot_create_description:/home/manuel/create3Git_ws/Ground-Air-ISE23-24/Code/Gazebo Simulation/Simulation_ws/install/irobot_create_toolbox:/home/manuel/create3Git_ws/Ground-Air-ISE23-24/Code/Gazebo Simulation/Simulation_ws/install/irobot_create_control:/opt/ros/humble LD_LIBRARY_PATH=/home/manuel/create3Git_ws/Ground-Air-ISE23-24/Code/Gazebo Simulation/Simulation_ws/install/irobot_create_nodes/lib:/home/manuel/create3Git_ws/Ground-Air-ISE23-24/Code/Gazebo Simulation/Simulation_ws/install/irobot_create_toolbox/lib:${LD_LIBRARY_PATH} /usr/bin/cmake /home/manuel/create3Git_ws/Ground-Air-ISE23-24/Code/Gazebo Simulation/Simulation_ws/src/create3_sim/irobot_create_common/irobot_create_common_bringup -DAMENT_CMAKE_SYMLINK_INSTALL=1 -DCMAKE_INSTALL_PREFIX=/home/manuel/create3Git_ws/Ground-Air-ISE23-24/Code/Gazebo Simulation/Simulation_ws/install/irobot_create_common_bringup
[0.089s] -- The C compiler identification is GNU 11.4.0
[0.142s] -- The CXX compiler identification is GNU 11.4.0
[0.152s] -- Detecting C compiler ABI info
[0.218s] -- Detecting C compiler ABI info - done
[0.224s] -- Check for working C compiler: /usr/bin/cc - skipped
[0.225s] -- Detecting C compile features
[0.225s] -- Detecting C compile features - done
[0.228s] -- Detecting CXX compiler ABI info
[0.300s] -- Detecting CXX compiler ABI info - done
[0.306s] -- Check for working CXX compiler: /usr/bin/c++ - skipped
[0.307s] -- Detecting CXX compile features
[0.307s] -- Detecting CXX compile features - done
[0.317s] -- Found ament_cmake: 1.3.8 (/opt/ros/humble/share/ament_cmake/cmake)
[0.463s] -- Found Python3: /usr/bin/python3 (found version "3.10.12") found components: Interpreter 
[0.529s] -- Override CMake install command with custom implementation using symlinks instead of copying resources
[0.651s] -- Found ament_lint_auto: 0.12.10 (/opt/ros/humble/share/ament_lint_auto/cmake)
[0.719s] -- Added test 'flake8' to check Python code syntax and style conventions
[0.720s] -- Added test 'lint_cmake' to check CMake code style
[0.720s] -- Added test 'pep257' to check Python code against some of the docstring style conventions in PEP 257
[0.722s] -- Added test 'xmllint' to check XML markup files
[0.723s] -- Configuring done
[0.726s] -- Generating done
[0.726s] -- Build files have been written to: /home/manuel/create3Git_ws/Ground-Air-ISE23-24/Code/Gazebo Simulation/Simulation_ws/build/irobot_create_common_bringup
[0.732s] Invoked command in '/home/manuel/create3Git_ws/Ground-Air-ISE23-24/Code/Gazebo Simulation/Simulation_ws/build/irobot_create_common_bringup' returned '0': AMENT_PREFIX_PATH=/home/manuel/create3Git_ws/Ground-Air-ISE23-24/Code/Gazebo Simulation/Simulation_ws/install/irobot_create_nodes:/home/manuel/create3Git_ws/Ground-Air-ISE23-24/Code/Gazebo Simulation/Simulation_ws/install/irobot_create_description:/home/manuel/create3Git_ws/Ground-Air-ISE23-24/Code/Gazebo Simulation/Simulation_ws/install/irobot_create_toolbox:/home/manuel/create3Git_ws/Ground-Air-ISE23-24/Code/Gazebo Simulation/Simulation_ws/install/irobot_create_control:${AMENT_PREFIX_PATH} CMAKE_PREFIX_PATH=/home/manuel/create3Git_ws/Ground-Air-ISE23-24/Code/Gazebo Simulation/Simulation_ws/install/irobot_create_nodes:/home/manuel/create3Git_ws/Ground-Air-ISE23-24/Code/Gazebo Simulation/Simulation_ws/install/irobot_create_description:/home/manuel/create3Git_ws/Ground-Air-ISE23-24/Code/Gazebo Simulation/Simulation_ws/install/irobot_create_toolbox:/home/manuel/create3Git_ws/Ground-Air-ISE23-24/Code/Gazebo Simulation/Simulation_ws/install/irobot_create_control:/opt/ros/humble LD_LIBRARY_PATH=/home/manuel/create3Git_ws/Ground-Air-ISE23-24/Code/Gazebo Simulation/Simulation_ws/install/irobot_create_nodes/lib:/home/manuel/create3Git_ws/Ground-Air-ISE23-24/Code/Gazebo Simulation/Simulation_ws/install/irobot_create_toolbox/lib:${LD_LIBRARY_PATH} /usr/bin/cmake /home/manuel/create3Git_ws/Ground-Air-ISE23-24/Code/Gazebo Simulation/Simulation_ws/src/create3_sim/irobot_create_common/irobot_create_common_bringup -DAMENT_CMAKE_SYMLINK_INSTALL=1 -DCMAKE_INSTALL_PREFIX=/home/manuel/create3Git_ws/Ground-Air-ISE23-24/Code/Gazebo Simulation/Simulation_ws/install/irobot_create_common_bringup
[0.733s] Invoking command in '/home/manuel/create3Git_ws/Ground-Air-ISE23-24/Code/Gazebo Simulation/Simulation_ws/build/irobot_create_common_bringup': AMENT_PREFIX_PATH=/home/manuel/create3Git_ws/Ground-Air-ISE23-24/Code/Gazebo Simulation/Simulation_ws/install/irobot_create_nodes:/home/manuel/create3Git_ws/Ground-Air-ISE23-24/Code/Gazebo Simulation/Simulation_ws/install/irobot_create_description:/home/manuel/create3Git_ws/Ground-Air-ISE23-24/Code/Gazebo Simulation/Simulation_ws/install/irobot_create_toolbox:/home/manuel/create3Git_ws/Ground-Air-ISE23-24/Code/Gazebo Simulation/Simulation_ws/install/irobot_create_control:${AMENT_PREFIX_PATH} CMAKE_PREFIX_PATH=/home/manuel/create3Git_ws/Ground-Air-ISE23-24/Code/Gazebo Simulation/Simulation_ws/install/irobot_create_nodes:/home/manuel/create3Git_ws/Ground-Air-ISE23-24/Code/Gazebo Simulation/Simulation_ws/install/irobot_create_description:/home/manuel/create3Git_ws/Ground-Air-ISE23-24/Code/Gazebo Simulation/Simulation_ws/install/irobot_create_toolbox:/home/manuel/create3Git_ws/Ground-Air-ISE23-24/Code/Gazebo Simulation/Simulation_ws/install/irobot_create_control:/opt/ros/humble LD_LIBRARY_PATH=/home/manuel/create3Git_ws/Ground-Air-ISE23-24/Code/Gazebo Simulation/Simulation_ws/install/irobot_create_nodes/lib:/home/manuel/create3Git_ws/Ground-Air-ISE23-24/Code/Gazebo Simulation/Simulation_ws/install/irobot_create_toolbox/lib:${LD_LIBRARY_PATH} /usr/bin/cmake --build /home/manuel/create3Git_ws/Ground-Air-ISE23-24/Code/Gazebo Simulation/Simulation_ws/build/irobot_create_common_bringup -- -j16 -l16
[0.781s] Built target ament_cmake_python_symlink_irobot_create_common_bringup
[1.056s] running egg_info
[1.057s] creating irobot_create_common_bringup.egg-info
[1.057s] writing irobot_create_common_bringup.egg-info/PKG-INFO
[1.057s] writing dependency_links to irobot_create_common_bringup.egg-info/dependency_links.txt
[1.057s] writing top-level names to irobot_create_common_bringup.egg-info/top_level.txt
[1.057s] writing manifest file 'irobot_create_common_bringup.egg-info/SOURCES.txt'
[1.059s] reading manifest file 'irobot_create_common_bringup.egg-info/SOURCES.txt'
[1.060s] writing manifest file 'irobot_create_common_bringup.egg-info/SOURCES.txt'
[1.084s] Built target ament_cmake_python_build_irobot_create_common_bringup_egg
[1.094s] Invoked command in '/home/manuel/create3Git_ws/Ground-Air-ISE23-24/Code/Gazebo Simulation/Simulation_ws/build/irobot_create_common_bringup' returned '0': AMENT_PREFIX_PATH=/home/manuel/create3Git_ws/Ground-Air-ISE23-24/Code/Gazebo Simulation/Simulation_ws/install/irobot_create_nodes:/home/manuel/create3Git_ws/Ground-Air-ISE23-24/Code/Gazebo Simulation/Simulation_ws/install/irobot_create_description:/home/manuel/create3Git_ws/Ground-Air-ISE23-24/Code/Gazebo Simulation/Simulation_ws/install/irobot_create_toolbox:/home/manuel/create3Git_ws/Ground-Air-ISE23-24/Code/Gazebo Simulation/Simulation_ws/install/irobot_create_control:${AMENT_PREFIX_PATH} CMAKE_PREFIX_PATH=/home/manuel/create3Git_ws/Ground-Air-ISE23-24/Code/Gazebo Simulation/Simulation_ws/install/irobot_create_nodes:/home/manuel/create3Git_ws/Ground-Air-ISE23-24/Code/Gazebo Simulation/Simulation_ws/install/irobot_create_description:/home/manuel/create3Git_ws/Ground-Air-ISE23-24/Code/Gazebo Simulation/Simulation_ws/install/irobot_create_toolbox:/home/manuel/create3Git_ws/Ground-Air-ISE23-24/Code/Gazebo Simulation/Simulation_ws/install/irobot_create_control:/opt/ros/humble LD_LIBRARY_PATH=/home/manuel/create3Git_ws/Ground-Air-ISE23-24/Code/Gazebo Simulation/Simulation_ws/install/irobot_create_nodes/lib:/home/manuel/create3Git_ws/Ground-Air-ISE23-24/Code/Gazebo Simulation/Simulation_ws/install/irobot_create_toolbox/lib:${LD_LIBRARY_PATH} /usr/bin/cmake --build /home/manuel/create3Git_ws/Ground-Air-ISE23-24/Code/Gazebo Simulation/Simulation_ws/build/irobot_create_common_bringup -- -j16 -l16
[1.123s] Invoking command in '/home/manuel/create3Git_ws/Ground-Air-ISE23-24/Code/Gazebo Simulation/Simulation_ws/build/irobot_create_common_bringup': AMENT_PREFIX_PATH=/home/manuel/create3Git_ws/Ground-Air-ISE23-24/Code/Gazebo Simulation/Simulation_ws/install/irobot_create_nodes:/home/manuel/create3Git_ws/Ground-Air-ISE23-24/Code/Gazebo Simulation/Simulation_ws/install/irobot_create_description:/home/manuel/create3Git_ws/Ground-Air-ISE23-24/Code/Gazebo Simulation/Simulation_ws/install/irobot_create_toolbox:/home/manuel/create3Git_ws/Ground-Air-ISE23-24/Code/Gazebo Simulation/Simulation_ws/install/irobot_create_control:${AMENT_PREFIX_PATH} CMAKE_PREFIX_PATH=/home/manuel/create3Git_ws/Ground-Air-ISE23-24/Code/Gazebo Simulation/Simulation_ws/install/irobot_create_nodes:/home/manuel/create3Git_ws/Ground-Air-ISE23-24/Code/Gazebo Simulation/Simulation_ws/install/irobot_create_description:/home/manuel/create3Git_ws/Ground-Air-ISE23-24/Code/Gazebo Simulation/Simulation_ws/install/irobot_create_toolbox:/home/manuel/create3Git_ws/Ground-Air-ISE23-24/Code/Gazebo Simulation/Simulation_ws/install/irobot_create_control:/opt/ros/humble LD_LIBRARY_PATH=/home/manuel/create3Git_ws/Ground-Air-ISE23-24/Code/Gazebo Simulation/Simulation_ws/install/irobot_create_nodes/lib:/home/manuel/create3Git_ws/Ground-Air-ISE23-24/Code/Gazebo Simulation/Simulation_ws/install/irobot_create_toolbox/lib:${LD_LIBRARY_PATH} /usr/bin/cmake --install /home/manuel/create3Git_ws/Ground-Air-ISE23-24/Code/Gazebo Simulation/Simulation_ws/build/irobot_create_common_bringup
[1.130s] -- Install configuration: ""
[1.131s] -- Execute custom install script
[1.131s] -- Symlinking: /home/manuel/create3Git_ws/Ground-Air-ISE23-24/Code/Gazebo Simulation/Simulation_ws/install/irobot_create_common_bringup/share/irobot_create_common_bringup/config/hazard_vector_params.yaml
[1.139s] -- Symlinking: /home/manuel/create3Git_ws/Ground-Air-ISE23-24/Code/Gazebo Simulation/Simulation_ws/install/irobot_create_common_bringup/share/irobot_create_common_bringup/config/ir_intensity_vector_params.yaml
[1.146s] -- Symlinking: /home/manuel/create3Git_ws/Ground-Air-ISE23-24/Code/Gazebo Simulation/Simulation_ws/install/irobot_create_common_bringup/share/irobot_create_common_bringup/config/kidnap_estimator_params.yaml
[1.153s] -- Symlinking: /home/manuel/create3Git_ws/Ground-Air-ISE23-24/Code/Gazebo Simulation/Simulation_ws/install/irobot_create_common_bringup/share/irobot_create_common_bringup/config/mock_params.yaml
[1.160s] -- Symlinking: /home/manuel/create3Git_ws/Ground-Air-ISE23-24/Code/Gazebo Simulation/Simulation_ws/install/irobot_create_common_bringup/share/irobot_create_common_bringup/config/robot_state_params.yaml
[1.168s] -- Symlinking: /home/manuel/create3Git_ws/Ground-Air-ISE23-24/Code/Gazebo Simulation/Simulation_ws/install/irobot_create_common_bringup/share/irobot_create_common_bringup/config/ui_mgr_params.yaml
[1.175s] -- Symlinking: /home/manuel/create3Git_ws/Ground-Air-ISE23-24/Code/Gazebo Simulation/Simulation_ws/install/irobot_create_common_bringup/share/irobot_create_common_bringup/config/wheel_status_params.yaml
[1.184s] -- Symlinking: /home/manuel/create3Git_ws/Ground-Air-ISE23-24/Code/Gazebo Simulation/Simulation_ws/install/irobot_create_common_bringup/share/irobot_create_common_bringup/launch/create3_nodes.launch.py
[1.191s] -- Symlinking: /home/manuel/create3Git_ws/Ground-Air-ISE23-24/Code/Gazebo Simulation/Simulation_ws/install/irobot_create_common_bringup/share/irobot_create_common_bringup/launch/dock_description.launch.py
[1.198s] -- Symlinking: /home/manuel/create3Git_ws/Ground-Air-ISE23-24/Code/Gazebo Simulation/Simulation_ws/install/irobot_create_common_bringup/share/irobot_create_common_bringup/launch/robot_description.launch.py
[1.205s] -- Symlinking: /home/manuel/create3Git_ws/Ground-Air-ISE23-24/Code/Gazebo Simulation/Simulation_ws/install/irobot_create_common_bringup/share/irobot_create_common_bringup/launch/rviz2.launch.py
[1.213s] -- Symlinking: /home/manuel/create3Git_ws/Ground-Air-ISE23-24/Code/Gazebo Simulation/Simulation_ws/install/irobot_create_common_bringup/share/irobot_create_common_bringup/rviz/irobot_create_view.rviz
[1.221s] -- Symlinking: /home/manuel/create3Git_ws/Ground-Air-ISE23-24/Code/Gazebo Simulation/Simulation_ws/install/irobot_create_common_bringup/share/irobot_create_common_bringup/rviz/irobot_logo.jpg
[1.229s] -- Symlinking: /home/manuel/create3Git_ws/Ground-Air-ISE23-24/Code/Gazebo Simulation/Simulation_ws/install/irobot_create_common_bringup/share/irobot_create_common_bringup/environment/pythonpath.sh
[1.236s] -- Symlinking: /home/manuel/create3Git_ws/Ground-Air-ISE23-24/Code/Gazebo Simulation/Simulation_ws/install/irobot_create_common_bringup/share/irobot_create_common_bringup/environment/pythonpath.dsv
[1.245s] -- Symlinking: /home/manuel/create3Git_ws/Ground-Air-ISE23-24/Code/Gazebo Simulation/Simulation_ws/install/irobot_create_common_bringup/local/lib/python3.10/dist-packages/irobot_create_common_bringup-2.0.0-py3.10.egg-info/PKG-INFO
[1.251s] -- Symlinking: /home/manuel/create3Git_ws/Ground-Air-ISE23-24/Code/Gazebo Simulation/Simulation_ws/install/irobot_create_common_bringup/local/lib/python3.10/dist-packages/irobot_create_common_bringup-2.0.0-py3.10.egg-info/SOURCES.txt
[1.259s] -- Symlinking: /home/manuel/create3Git_ws/Ground-Air-ISE23-24/Code/Gazebo Simulation/Simulation_ws/install/irobot_create_common_bringup/local/lib/python3.10/dist-packages/irobot_create_common_bringup-2.0.0-py3.10.egg-info/dependency_links.txt
[1.266s] -- Symlinking: /home/manuel/create3Git_ws/Ground-Air-ISE23-24/Code/Gazebo Simulation/Simulation_ws/install/irobot_create_common_bringup/local/lib/python3.10/dist-packages/irobot_create_common_bringup-2.0.0-py3.10.egg-info/top_level.txt
[1.273s] -- Symlinking: /home/manuel/create3Git_ws/Ground-Air-ISE23-24/Code/Gazebo Simulation/Simulation_ws/install/irobot_create_common_bringup/local/lib/python3.10/dist-packages/irobot_create_common_bringup/__init__.py
[1.281s] -- Symlinking: /home/manuel/create3Git_ws/Ground-Air-ISE23-24/Code/Gazebo Simulation/Simulation_ws/install/irobot_create_common_bringup/local/lib/python3.10/dist-packages/irobot_create_common_bringup/namespace.py
[1.287s] -- Symlinking: /home/manuel/create3Git_ws/Ground-Air-ISE23-24/Code/Gazebo Simulation/Simulation_ws/install/irobot_create_common_bringup/local/lib/python3.10/dist-packages/irobot_create_common_bringup/offset.py
[1.295s] -- Symlinking: /home/manuel/create3Git_ws/Ground-Air-ISE23-24/Code/Gazebo Simulation/Simulation_ws/install/irobot_create_common_bringup/share/ament_index/resource_index/package_run_dependencies/irobot_create_common_bringup
[1.303s] -- Symlinking: /home/manuel/create3Git_ws/Ground-Air-ISE23-24/Code/Gazebo Simulation/Simulation_ws/install/irobot_create_common_bringup/share/ament_index/resource_index/parent_prefix_path/irobot_create_common_bringup
[1.313s] -- Symlinking: /home/manuel/create3Git_ws/Ground-Air-ISE23-24/Code/Gazebo Simulation/Simulation_ws/install/irobot_create_common_bringup/share/irobot_create_common_bringup/environment/ament_prefix_path.sh
[1.321s] -- Symlinking: /home/manuel/create3Git_ws/Ground-Air-ISE23-24/Code/Gazebo Simulation/Simulation_ws/install/irobot_create_common_bringup/share/irobot_create_common_bringup/environment/ament_prefix_path.dsv
[1.329s] -- Symlinking: /home/manuel/create3Git_ws/Ground-Air-ISE23-24/Code/Gazebo Simulation/Simulation_ws/install/irobot_create_common_bringup/share/irobot_create_common_bringup/environment/path.sh
[1.337s] -- Symlinking: /home/manuel/create3Git_ws/Ground-Air-ISE23-24/Code/Gazebo Simulation/Simulation_ws/install/irobot_create_common_bringup/share/irobot_create_common_bringup/environment/path.dsv
[1.344s] -- Symlinking: /home/manuel/create3Git_ws/Ground-Air-ISE23-24/Code/Gazebo Simulation/Simulation_ws/install/irobot_create_common_bringup/share/irobot_create_common_bringup/local_setup.bash
[1.352s] -- Symlinking: /home/manuel/create3Git_ws/Ground-Air-ISE23-24/Code/Gazebo Simulation/Simulation_ws/install/irobot_create_common_bringup/share/irobot_create_common_bringup/local_setup.sh
[1.358s] -- Symlinking: /home/manuel/create3Git_ws/Ground-Air-ISE23-24/Code/Gazebo Simulation/Simulation_ws/install/irobot_create_common_bringup/share/irobot_create_common_bringup/local_setup.zsh
[1.365s] -- Symlinking: /home/manuel/create3Git_ws/Ground-Air-ISE23-24/Code/Gazebo Simulation/Simulation_ws/install/irobot_create_common_bringup/share/irobot_create_common_bringup/local_setup.dsv
[1.373s] -- Symlinking: /home/manuel/create3Git_ws/Ground-Air-ISE23-24/Code/Gazebo Simulation/Simulation_ws/install/irobot_create_common_bringup/share/irobot_create_common_bringup/package.dsv
[1.380s] -- Symlinking: /home/manuel/create3Git_ws/Ground-Air-ISE23-24/Code/Gazebo Simulation/Simulation_ws/install/irobot_create_common_bringup/share/ament_index/resource_index/packages/irobot_create_common_bringup
[1.387s] -- Symlinking: /home/manuel/create3Git_ws/Ground-Air-ISE23-24/Code/Gazebo Simulation/Simulation_ws/install/irobot_create_common_bringup/share/irobot_create_common_bringup/cmake/irobot_create_common_bringupConfig.cmake
[1.394s] -- Symlinking: /home/manuel/create3Git_ws/Ground-Air-ISE23-24/Code/Gazebo Simulation/Simulation_ws/install/irobot_create_common_bringup/share/irobot_create_common_bringup/cmake/irobot_create_common_bringupConfig-version.cmake
[1.402s] -- Symlinking: /home/manuel/create3Git_ws/Ground-Air-ISE23-24/Code/Gazebo Simulation/Simulation_ws/install/irobot_create_common_bringup/share/irobot_create_common_bringup/package.xml
[1.448s] Listing '/home/manuel/create3Git_ws/Ground-Air-ISE23-24/Code/Gazebo Simulation/Simulation_ws/install/irobot_create_common_bringup/local/lib/python3.10/dist-packages/irobot_create_common_bringup'...
[1.448s] Compiling '/home/manuel/create3Git_ws/Ground-Air-ISE23-24/Code/Gazebo Simulation/Simulation_ws/install/irobot_create_common_bringup/local/lib/python3.10/dist-packages/irobot_create_common_bringup/__init__.py'...
[1.448s] Compiling '/home/manuel/create3Git_ws/Ground-Air-ISE23-24/Code/Gazebo Simulation/Simulation_ws/install/irobot_create_common_bringup/local/lib/python3.10/dist-packages/irobot_create_common_bringup/namespace.py'...
[1.448s] Compiling '/home/manuel/create3Git_ws/Ground-Air-ISE23-24/Code/Gazebo Simulation/Simulation_ws/install/irobot_create_common_bringup/local/lib/python3.10/dist-packages/irobot_create_common_bringup/offset.py'...
[1.455s] Invoked command in '/home/manuel/create3Git_ws/Ground-Air-ISE23-24/Code/Gazebo Simulation/Simulation_ws/build/irobot_create_common_bringup' returned '0': AMENT_PREFIX_PATH=/home/manuel/create3Git_ws/Ground-Air-ISE23-24/Code/Gazebo Simulation/Simulation_ws/install/irobot_create_nodes:/home/manuel/create3Git_ws/Ground-Air-ISE23-24/Code/Gazebo Simulation/Simulation_ws/install/irobot_create_description:/home/manuel/create3Git_ws/Ground-Air-ISE23-24/Code/Gazebo Simulation/Simulation_ws/install/irobot_create_toolbox:/home/manuel/create3Git_ws/Ground-Air-ISE23-24/Code/Gazebo Simulation/Simulation_ws/install/irobot_create_control:${AMENT_PREFIX_PATH} CMAKE_PREFIX_PATH=/home/manuel/create3Git_ws/Ground-Air-ISE23-24/Code/Gazebo Simulation/Simulation_ws/install/irobot_create_nodes:/home/manuel/create3Git_ws/Ground-Air-ISE23-24/Code/Gazebo Simulation/Simulation_ws/install/irobot_create_description:/home/manuel/create3Git_ws/Ground-Air-ISE23-24/Code/Gazebo Simulation/Simulation_ws/install/irobot_create_toolbox:/home/manuel/create3Git_ws/Ground-Air-ISE23-24/Code/Gazebo Simulation/Simulation_ws/install/irobot_create_control:/opt/ros/humble LD_LIBRARY_PATH=/home/manuel/create3Git_ws/Ground-Air-ISE23-24/Code/Gazebo Simulation/Simulation_ws/install/irobot_create_nodes/lib:/home/manuel/create3Git_ws/Ground-Air-ISE23-24/Code/Gazebo Simulation/Simulation_ws/install/irobot_create_toolbox/lib:${LD_LIBRARY_PATH} /usr/bin/cmake --install /home/manuel/create3Git_ws/Ground-Air-ISE23-24/Code/Gazebo Simulation/Simulation_ws/build/irobot_create_common_bringup
