[0.013s] Invoking command in '/home/alex/Programming/ROS2/Ingenia/Ground-Air-ISE23-24/Code/Gazebo Simulation/Simulation_ws/build/irobot_create_nodes': AMENT_PREFIX_PATH=/home/alex/Programming/ROS2/Ingenia/Ground-Air-ISE23-24/Code/Gazebo Simulation/Simulation_ws/install/irobot_create_toolbox:${AMENT_PREFIX_PATH} CMAKE_PREFIX_PATH=/home/alex/Programming/ROS2/Ingenia/Ground-Air-ISE23-24/Code/Gazebo Simulation/Simulation_ws/install/irobot_create_toolbox:/opt/ros/humble LD_LIBRARY_PATH=/home/alex/Programming/ROS2/Ingenia/Ground-Air-ISE23-24/Code/Gazebo Simulation/Simulation_ws/install/irobot_create_toolbox/lib:${LD_LIBRARY_PATH} /usr/bin/cmake --build /home/alex/Programming/ROS2/Ingenia/Ground-Air-ISE23-24/Code/Gazebo Simulation/Simulation_ws/build/irobot_create_nodes -- -j8 -l8
[0.105s] [  2%] [32mBuilding CXX object CMakeFiles/motion_control_lib.dir/src/motion_control_node.cpp.o[0m
[0.125s] [  8%] Built target ir_intensity_publisher_lib
[0.126s] [ 13%] Built target hazards_vector_publisher
[0.126s] [ 27%] Built target motion_control
[0.127s] [ 27%] Built target hazard_publisher_lib
[0.127s] [ 32%] Built target wheel_status_publisher
[0.127s] [ 35%] Built target ir_intensity_vector_publisher
[0.132s] [ 40%] Built target wheel_status_publisher_lib
[0.145s] [ 43%] [32mBuilding CXX object CMakeFiles/motion_control_lib.dir/src/motion_control/docking_behavior.cpp.o[0m
[0.153s] [ 45%] [32mBuilding CXX object CMakeFiles/motion_control_lib.dir/src/motion_control/drive_goal_behaviors.cpp.o[0m
[0.169s] [ 48%] [32mBuilding CXX object CMakeFiles/robot_state_lib.dir/src/robot_state.cpp.o[0m
[0.173s] [ 51%] [32mBuilding CXX object CMakeFiles/mock_publisher_lib.dir/src/mock_publisher.cpp.o[0m
[0.173s] [ 54%] [32mBuilding CXX object CMakeFiles/ui_mgr_lib.dir/src/ui_mgr.cpp.o[0m
[0.183s] [ 59%] Built target robot_state
[0.189s] [ 64%] Built target ui_mgr
[0.200s] [ 67%] [32mBuilding CXX object CMakeFiles/motion_control_lib.dir/src/motion_control/reflex_behavior.cpp.o[0m
[0.265s] [ 72%] Built target mock_publisher
[0.310s] [ 75%] [32mBuilding CXX object CMakeFiles/kidnap_estimator_publisher_lib.dir/src/kidnap_estimator_publisher.cpp.o[0m
[22.276s] [ 78%] [32mBuilding CXX object CMakeFiles/kidnap_estimator_publisher.dir/rclcpp_components/node_main_kidnap_estimator_publisher.cpp.o[0m
[22.437s] [ 81%] [32m[1mLinking CXX shared library libmock_publisher_lib.so[0m
[24.524s] [ 81%] Built target mock_publisher_lib
[24.644s] [ 83%] [32mBuilding CXX object CMakeFiles/motion_control_lib.dir/src/motion_control/wall_follow_behavior.cpp.o[0m
