[0.018s] Invoking command in '/home/alex/Programming/ROS2/Ingenia/Ground-Air-ISE23-24/Code/Gazebo Simulation/Simulation_ws/build/irobot_create_gazebo_plugins': AMENT_PREFIX_PATH=/home/alex/Programming/ROS2/Ingenia/Ground-Air-ISE23-24/Code/Gazebo Simulation/Simulation_ws/install/irobot_create_toolbox:${AMENT_PREFIX_PATH} CMAKE_PREFIX_PATH=/home/alex/Programming/ROS2/Ingenia/Ground-Air-ISE23-24/Code/Gazebo Simulation/Simulation_ws/install/irobot_create_toolbox:/opt/ros/humble LD_LIBRARY_PATH=/home/alex/Programming/ROS2/Ingenia/Ground-Air-ISE23-24/Code/Gazebo Simulation/Simulation_ws/install/irobot_create_toolbox/lib:${LD_LIBRARY_PATH} /usr/bin/cmake /home/alex/Programming/ROS2/Ingenia/Ground-Air-ISE23-24/Code/Gazebo Simulation/Simulation_ws/src/create3_sim/irobot_create_gazebo/irobot_create_gazebo_plugins -DAMENT_CMAKE_SYMLINK_INSTALL=1 -DCMAKE_INSTALL_PREFIX=/home/alex/Programming/ROS2/Ingenia/Ground-Air-ISE23-24/Code/Gazebo Simulation/Simulation_ws/install/irobot_create_gazebo_plugins
[0.100s] -- The C compiler identification is GNU 11.4.0
[0.177s] -- The CXX compiler identification is GNU 11.4.0
[0.187s] -- Detecting C compiler ABI info
[0.282s] -- Detecting C compiler ABI info - done
[0.301s] -- Check for working C compiler: /usr/bin/cc - skipped
[0.301s] -- Detecting C compile features
[0.302s] -- Detecting C compile features - done
[0.308s] -- Detecting CXX compiler ABI info
[0.415s] -- Detecting CXX compiler ABI info - done
[0.433s] -- Check for working CXX compiler: /usr/bin/c++ - skipped
[0.434s] -- Detecting CXX compile features
[0.435s] -- Detecting CXX compile features - done
[0.439s] -- Found ament_cmake: 1.3.8 (/opt/ros/humble/share/ament_cmake/cmake)
[0.647s] -- Found Python3: /usr/bin/python3 (found version "3.10.12") found components: Interpreter 
[0.733s] -- Override CMake install command with custom implementation using symlinks instead of copying resources
[0.788s] -- Found geometry_msgs: 4.2.3 (/opt/ros/humble/share/geometry_msgs/cmake)
[0.844s] -- Found rosidl_generator_c: 3.1.5 (/opt/ros/humble/share/rosidl_generator_c/cmake)
[0.851s] -- Found rosidl_adapter: 3.1.5 (/opt/ros/humble/share/rosidl_adapter/cmake)
[0.862s] -- Found rosidl_generator_cpp: 3.1.5 (/opt/ros/humble/share/rosidl_generator_cpp/cmake)
[0.880s] -- Using all available rosidl_typesupport_c: rosidl_typesupport_fastrtps_c;rosidl_typesupport_introspection_c
[0.906s] -- Using all available rosidl_typesupport_cpp: rosidl_typesupport_fastrtps_cpp;rosidl_typesupport_introspection_cpp
[1.064s] -- Found irobot_create_msgs: 2.1.0 (/opt/ros/humble/share/irobot_create_msgs/cmake)
[1.363s] -- Found irobot_create_toolbox: 2.0.0 (/home/alex/Programming/ROS2/Ingenia/Ground-Air-ISE23-24/Code/Gazebo Simulation/Simulation_ws/install/irobot_create_toolbox/share/irobot_create_toolbox/cmake)
[1.459s] -- Found rmw_implementation_cmake: 6.1.1 (/opt/ros/humble/share/rmw_implementation_cmake/cmake)
[1.462s] -- Found rmw_fastrtps_cpp: 6.2.6 (/opt/ros/humble/share/rmw_fastrtps_cpp/cmake)
[1.606s] -- Found OpenSSL: /usr/lib/x86_64-linux-gnu/libcrypto.so (found version "3.0.2")  
[1.656s] -- Found FastRTPS: /opt/ros/humble/include  
[1.727s] -- Using RMW implementation 'rmw_fastrtps_cpp' as default
[1.741s] -- Looking for pthread.h
[1.834s] -- Looking for pthread.h - found
[1.834s] -- Performing Test CMAKE_HAVE_LIBC_PTHREAD
[1.930s] -- Performing Test CMAKE_HAVE_LIBC_PTHREAD - Success
[1.931s] -- Found Threads: TRUE  
[2.107s] -- Found sensor_msgs: 4.2.3 (/opt/ros/humble/share/sensor_msgs/cmake)
[2.228s] -- Found PkgConfig: /usr/bin/pkg-config (found version "0.29.2") 
[2.229s] -- Checking for module 'bullet>=2.82'
[2.248s] --   Found bullet, version 3.05
[2.442s] -- Found fcl: /usr/include (found suitable version "0.7.0", minimum required is "0.5.0") 
[2.529s] -- Found assimp: /usr/include (found version "5.2.0") 
[2.569s] -- Found DART: /usr/include (Required is at least version "6.6") found components: dart 
[2.611s] -- Found Boost: /usr/lib/x86_64-linux-gnu/cmake/Boost-1.74.0/BoostConfig.cmake (found suitable version "1.74.0", minimum required is "1.40.0") found components: thread system filesystem program_options regex iostreams date_time 
[2.630s] -- Found Protobuf: /usr/lib/x86_64-linux-gnu/libprotobuf.so (found version "3.12.4") 
[2.635s] -- Looking for ignition-math6 -- found version 6.15.1
[2.637s] -- Looking for OGRE...
[2.637s] -- OGRE_PREFIX_WATCH changed.
[2.644s] -- Checking for module 'OGRE'
[2.660s] --   Found OGRE, version 1.9.0
[2.708s] -- Found Ogre Ghadamon (1.9.0)
[2.719s] -- Found OGRE: optimized;/usr/lib/x86_64-linux-gnu/libOgreMain.so;debug;/usr/lib/x86_64-linux-gnu/libOgreMain.so
[2.732s] -- Looking for OGRE_Paging...
[2.741s] -- Found OGRE_Paging: optimized;/usr/lib/x86_64-linux-gnu/libOgrePaging.so;debug;/usr/lib/x86_64-linux-gnu/libOgrePaging.so
[2.741s] -- Looking for OGRE_Terrain...
[2.750s] -- Found OGRE_Terrain: optimized;/usr/lib/x86_64-linux-gnu/libOgreTerrain.so;debug;/usr/lib/x86_64-linux-gnu/libOgreTerrain.so
[2.750s] -- Looking for OGRE_Property...
[2.760s] -- Found OGRE_Property: optimized;/usr/lib/x86_64-linux-gnu/libOgreProperty.so;debug;/usr/lib/x86_64-linux-gnu/libOgreProperty.so
[2.760s] -- Looking for OGRE_RTShaderSystem...
[2.769s] -- Found OGRE_RTShaderSystem: optimized;/usr/lib/x86_64-linux-gnu/libOgreRTShaderSystem.so;debug;/usr/lib/x86_64-linux-gnu/libOgreRTShaderSystem.so
[2.769s] -- Looking for OGRE_Volume...
[2.779s] -- Found OGRE_Volume: optimized;/usr/lib/x86_64-linux-gnu/libOgreVolume.so;debug;/usr/lib/x86_64-linux-gnu/libOgreVolume.so
[2.779s] -- Looking for OGRE_Overlay...
[2.789s] -- Found OGRE_Overlay: optimized;/usr/lib/x86_64-linux-gnu/libOgreOverlay.so;debug;/usr/lib/x86_64-linux-gnu/libOgreOverlay.so
[2.999s] -- Looking for ignition-math6 -- found version 6.15.1
[3.003s] -- Looking for ignition-transport8 -- found version 8.2.1
[3.003s] -- Searching for dependencies of ignition-transport8
[3.028s] -- Found Protobuf: /usr/lib/x86_64-linux-gnu/libprotobuf.so (found suitable version "3.12.4", minimum required is "3") 
[3.045s] -- Config-file not installed for ZeroMQ -- checking for pkg-config
[3.051s] -- Checking for module 'libzmq >= 4'
[3.068s] --   Found libzmq , version 4.3.4
[3.119s] -- Found ZeroMQ: TRUE (Required is at least version "4") 
[3.126s] -- Checking for module 'uuid'
[3.144s] --   Found uuid, version 2.37.2
[3.197s] -- Found UUID: TRUE  
[3.202s] -- Looking for ignition-msgs5 -- found version 5.8.1
[3.203s] -- Searching for dependencies of ignition-msgs5
[3.230s] -- Looking for ignition-math6 -- found version 6.15.1
[3.237s] -- Checking for module 'tinyxml2'
[3.255s] --   Found tinyxml2, version 9.0.0
[3.306s] -- Looking for ignition-msgs5 -- found version 5.8.1
[3.310s] -- Looking for ignition-common3 -- found version 3.14.0
[3.311s] -- Searching for dependencies of ignition-common3
[3.311s] -- Looking for dlfcn.h - found
[3.312s] -- Looking for libdl - found
[3.314s] -- Found DL: TRUE  
[3.331s] -- Found tinyobjloader: /usr/lib/x86_64-linux-gnu/cmake/tinyobjloader/tinyobjloader-config.cmake (found version "2.0.0") 
[3.332s] -- Searching for <ignition-common3> component [graphics]
[3.336s] -- Looking for ignition-common3-graphics -- found version 3.14.0
[3.336s] -- Searching for dependencies of ignition-common3-graphics
[3.337s] -- Looking for ignition-math6 -- found version 6.15.1
[3.342s] -- Looking for ignition-fuel_tools4 -- found version 4.4.0
[3.343s] -- Searching for dependencies of ignition-fuel_tools4
[3.455s] -- Found CURL: /usr/lib/x86_64-linux-gnu/libcurl.so (found version "7.81.0")  
[3.466s] -- Checking for module 'jsoncpp'
[3.488s] --   Found jsoncpp, version 1.9.5
[3.540s] -- Found JSONCPP: TRUE  
[3.547s] -- Checking for module 'libzip'
[3.564s] --   Found libzip, version 1.7.3
[3.614s] -- Found ZIP: TRUE  
[3.615s] -- Looking for ignition-common3 -- found version 3.14.0
[3.615s] -- Looking for ignition-math6 -- found version 6.15.1
[3.616s] -- Looking for ignition-msgs5 -- found version 5.8.1
[3.623s] -- Gazebo version: 11.10
[3.623s] -- Checking for module 'tbb'
[3.645s] --   Found tbb, version 2021.5.0
[4.283s] -- Found ament_lint_auto: 0.12.10 (/opt/ros/humble/share/ament_lint_auto/cmake)
[4.486s] -- Added test 'cppcheck' to perform static code analysis on C / C++ code
[4.492s] -- Configured cppcheck include dirs: /home/alex/Programming/ROS2/Ingenia/Ground-Air-ISE23-24/Code/Gazebo Simulation/Simulation_ws/src/create3_sim/irobot_create_gazebo/irobot_create_gazebo_plugins/include
[4.492s] -- Configured cppcheck exclude dirs and/or files: 
[4.496s] -- Added test 'cpplint' to check C / C++ code against the Google style
[4.496s] -- Configured cpplint exclude dirs and/or files: 
[4.499s] -- Added test 'lint_cmake' to check CMake code style
[4.504s] -- Added test 'uncrustify' to check C / C++ code style
[4.504s] -- Configured uncrustify additional arguments: 
[4.506s] -- Added test 'xmllint' to check XML markup files
[4.513s] -- Configuring done
[5.627s] -- Generating done
[5.637s] -- Build files have been written to: /home/alex/Programming/ROS2/Ingenia/Ground-Air-ISE23-24/Code/Gazebo Simulation/Simulation_ws/build/irobot_create_gazebo_plugins
[5.690s] Invoked command in '/home/alex/Programming/ROS2/Ingenia/Ground-Air-ISE23-24/Code/Gazebo Simulation/Simulation_ws/build/irobot_create_gazebo_plugins' returned '0': AMENT_PREFIX_PATH=/home/alex/Programming/ROS2/Ingenia/Ground-Air-ISE23-24/Code/Gazebo Simulation/Simulation_ws/install/irobot_create_toolbox:${AMENT_PREFIX_PATH} CMAKE_PREFIX_PATH=/home/alex/Programming/ROS2/Ingenia/Ground-Air-ISE23-24/Code/Gazebo Simulation/Simulation_ws/install/irobot_create_toolbox:/opt/ros/humble LD_LIBRARY_PATH=/home/alex/Programming/ROS2/Ingenia/Ground-Air-ISE23-24/Code/Gazebo Simulation/Simulation_ws/install/irobot_create_toolbox/lib:${LD_LIBRARY_PATH} /usr/bin/cmake /home/alex/Programming/ROS2/Ingenia/Ground-Air-ISE23-24/Code/Gazebo Simulation/Simulation_ws/src/create3_sim/irobot_create_gazebo/irobot_create_gazebo_plugins -DAMENT_CMAKE_SYMLINK_INSTALL=1 -DCMAKE_INSTALL_PREFIX=/home/alex/Programming/ROS2/Ingenia/Ground-Air-ISE23-24/Code/Gazebo Simulation/Simulation_ws/install/irobot_create_gazebo_plugins
[5.691s] Invoking command in '/home/alex/Programming/ROS2/Ingenia/Ground-Air-ISE23-24/Code/Gazebo Simulation/Simulation_ws/build/irobot_create_gazebo_plugins': AMENT_PREFIX_PATH=/home/alex/Programming/ROS2/Ingenia/Ground-Air-ISE23-24/Code/Gazebo Simulation/Simulation_ws/install/irobot_create_toolbox:${AMENT_PREFIX_PATH} CMAKE_PREFIX_PATH=/home/alex/Programming/ROS2/Ingenia/Ground-Air-ISE23-24/Code/Gazebo Simulation/Simulation_ws/install/irobot_create_toolbox:/opt/ros/humble LD_LIBRARY_PATH=/home/alex/Programming/ROS2/Ingenia/Ground-Air-ISE23-24/Code/Gazebo Simulation/Simulation_ws/install/irobot_create_toolbox/lib:${LD_LIBRARY_PATH} /usr/bin/cmake --build /home/alex/Programming/ROS2/Ingenia/Ground-Air-ISE23-24/Code/Gazebo Simulation/Simulation_ws/build/irobot_create_gazebo_plugins -- -j8 -l8
[6.058s] [  5%] [32mBuilding CXX object CMakeFiles/gazebo_ros_create_helpers.dir/src/gazebo_ros_helpers.cpp.o[0m
[30.472s] [ 10%] [32m[1mLinking CXX shared library libgazebo_ros_create_helpers.so[0m
[31.774s] [ 10%] Built target gazebo_ros_create_helpers
[31.961s] [ 15%] [32mBuilding CXX object CMakeFiles/gazebo_ros_create_cliff_sensor.dir/src/gazebo_ros_cliff_sensor.cpp.o[0m
[31.967s] [ 20%] [32mBuilding CXX object CMakeFiles/gazebo_ros_create_bumper.dir/src/gazebo_ros_bumper.cpp.o[0m
[32.022s] [ 25%] [32mBuilding CXX object CMakeFiles/gazebo_ros_create_docking_status.dir/src/gazebo_ros_docking_status.cpp.o[0m
[32.026s] [ 30%] [32mBuilding CXX object CMakeFiles/gazebo_ros_create_imu.dir/src/gazebo_ros_imu.cpp.o[0m
[32.050s] [ 35%] [32mBuilding CXX object CMakeFiles/docking_manager.dir/src/docking_manager.cpp.o[0m
[32.053s] [ 40%] [32mBuilding CXX object CMakeFiles/gazebo_ros_create_ir_intensity_sensor.dir/src/gazebo_ros_ir_intensity_sensor.cpp.o[0m
[32.063s] [ 45%] [32mBuilding CXX object CMakeFiles/gazebo_ros_create_optical_mouse.dir/src/gazebo_ros_optical_mouse.cpp.o[0m
[32.174s] [ 50%] [32mBuilding CXX object CMakeFiles/gazebo_ros_create_wheel_drop.dir/src/gazebo_ros_wheel_drop.cpp.o[0m
