[ 10%] Built target gazebo_ros_create_helpers
[ 15%] [32mBuilding CXX object CMakeFiles/docking_manager.dir/src/docking_manager.cpp.o[0m
[ 20%] [32mBuilding CXX object CMakeFiles/gazebo_ros_create_bumper.dir/src/gazebo_ros_bumper.cpp.o[0m
[ 25%] [32mBuilding CXX object CMakeFiles/gazebo_ros_create_cliff_sensor.dir/src/gazebo_ros_cliff_sensor.cpp.o[0m
[ 30%] [32mBuilding CXX object CMakeFiles/gazebo_ros_create_imu.dir/src/gazebo_ros_imu.cpp.o[0m
[ 35%] [32mBuilding CXX object CMakeFiles/gazebo_ros_create_docking_status.dir/src/gazebo_ros_docking_status.cpp.o[0m
[ 40%] [32mBuilding CXX object CMakeFiles/gazebo_ros_create_wheel_drop.dir/src/gazebo_ros_wheel_drop.cpp.o[0m
[ 45%] [32mBuilding CXX object CMakeFiles/gazebo_ros_create_optical_mouse.dir/src/gazebo_ros_optical_mouse.cpp.o[0m
[ 50%] [32mBuilding CXX object CMakeFiles/gazebo_ros_create_ir_intensity_sensor.dir/src/gazebo_ros_ir_intensity_sensor.cpp.o[0m
gmake[2]: *** [CMakeFiles/docking_manager.dir/build.make:76: CMakeFiles/docking_manager.dir/src/docking_manager.cpp.o] Interrupt
gmake[2]: *** [CMakeFiles/gazebo_ros_create_docking_status.dir/build.make:76: CMakeFiles/gazebo_ros_create_docking_status.dir/src/gazebo_ros_docking_status.cpp.o] Interrupt
gmake[2]: *** [CMakeFiles/gazebo_ros_create_bumper.dir/build.make:76: CMakeFiles/gazebo_ros_create_bumper.dir/src/gazebo_ros_bumper.cpp.o] Interrupt
gmake[2]: *** [CMakeFiles/gazebo_ros_create_ir_intensity_sensor.dir/build.make:76: CMakeFiles/gazebo_ros_create_ir_intensity_sensor.dir/src/gazebo_ros_ir_intensity_sensor.cpp.o] Interrupt
gmake[2]: *** [CMakeFiles/gazebo_ros_create_cliff_sensor.dir/build.make:76: CMakeFiles/gazebo_ros_create_cliff_sensor.dir/src/gazebo_ros_cliff_sensor.cpp.o] Interrupt
gmake[2]: *** [CMakeFiles/gazebo_ros_create_imu.dir/build.make:76: CMakeFiles/gazebo_ros_create_imu.dir/src/gazebo_ros_imu.cpp.o] Interrupt
gmake[2]: *** [CMakeFiles/gazebo_ros_create_wheel_drop.dir/build.make:76: CMakeFiles/gazebo_ros_create_wheel_drop.dir/src/gazebo_ros_wheel_drop.cpp.o] Interrupt
gmake[2]: *** [CMakeFiles/gazebo_ros_create_optical_mouse.dir/build.make:76: CMakeFiles/gazebo_ros_create_optical_mouse.dir/src/gazebo_ros_optical_mouse.cpp.o] Interrupt
gmake[1]: *** [CMakeFiles/Makefile2:207: CMakeFiles/gazebo_ros_create_docking_status.dir/all] Interrupt
gmake[1]: *** [CMakeFiles/Makefile2:181: CMakeFiles/gazebo_ros_create_cliff_sensor.dir/all] Interrupt
gmake[1]: *** [CMakeFiles/Makefile2:155: CMakeFiles/gazebo_ros_create_bumper.dir/all] Interrupt
gmake[1]: *** [CMakeFiles/Makefile2:364: CMakeFiles/docking_manager.dir/all] Interrupt
gmake[1]: *** [CMakeFiles/Makefile2:259: CMakeFiles/gazebo_ros_create_imu.dir/all] Interrupt
gmake[1]: *** [CMakeFiles/Makefile2:311: CMakeFiles/gazebo_ros_create_optical_mouse.dir/all] Interrupt
gmake[1]: *** [CMakeFiles/Makefile2:390: CMakeFiles/gazebo_ros_create_wheel_drop.dir/all] Interrupt
gmake[1]: *** [CMakeFiles/Makefile2:285: CMakeFiles/gazebo_ros_create_ir_intensity_sensor.dir/all] Interrupt
gmake: *** [Makefile:146: all] Interrupt
