[0.034s] Invoking command in '/home/alex/Programming/ROS2/Ingenia/Ground-Air-ISE23-24/Code/Gazebo Simulation/Simulation_ws/build/irobot_create_gazebo_plugins': AMENT_PREFIX_PATH=/home/alex/Programming/ROS2/Ingenia/Ground-Air-ISE23-24/Code/Gazebo Simulation/Simulation_ws/install/irobot_create_toolbox:${AMENT_PREFIX_PATH} CMAKE_PREFIX_PATH=/home/alex/Programming/ROS2/Ingenia/Ground-Air-ISE23-24/Code/Gazebo Simulation/Simulation_ws/install/irobot_create_toolbox:/opt/ros/humble LD_LIBRARY_PATH=/home/alex/Programming/ROS2/Ingenia/Ground-Air-ISE23-24/Code/Gazebo Simulation/Simulation_ws/install/irobot_create_toolbox/lib:${LD_LIBRARY_PATH} /usr/bin/cmake --build /home/alex/Programming/ROS2/Ingenia/Ground-Air-ISE23-24/Code/Gazebo Simulation/Simulation_ws/build/irobot_create_gazebo_plugins -- -j8 -l8
[0.231s] [ 10%] Built target gazebo_ros_create_helpers
[0.353s] [ 15%] [32mBuilding CXX object CMakeFiles/docking_manager.dir/src/docking_manager.cpp.o[0m
[0.364s] [ 20%] [32mBuilding CXX object CMakeFiles/gazebo_ros_create_bumper.dir/src/gazebo_ros_bumper.cpp.o[0m
[0.366s] [ 25%] [32mBuilding CXX object CMakeFiles/gazebo_ros_create_cliff_sensor.dir/src/gazebo_ros_cliff_sensor.cpp.o[0m
[0.376s] [ 30%] [32mBuilding CXX object CMakeFiles/gazebo_ros_create_imu.dir/src/gazebo_ros_imu.cpp.o[0m
[0.387s] [ 35%] [32mBuilding CXX object CMakeFiles/gazebo_ros_create_docking_status.dir/src/gazebo_ros_docking_status.cpp.o[0m
[0.396s] [ 40%] [32mBuilding CXX object CMakeFiles/gazebo_ros_create_wheel_drop.dir/src/gazebo_ros_wheel_drop.cpp.o[0m
[0.409s] [ 45%] [32mBuilding CXX object CMakeFiles/gazebo_ros_create_optical_mouse.dir/src/gazebo_ros_optical_mouse.cpp.o[0m
[0.436s] [ 50%] [32mBuilding CXX object CMakeFiles/gazebo_ros_create_ir_intensity_sensor.dir/src/gazebo_ros_ir_intensity_sensor.cpp.o[0m
[13.213s] gmake[2]: *** [CMakeFiles/docking_manager.dir/build.make:76: CMakeFiles/docking_manager.dir/src/docking_manager.cpp.o] Interrupt
[13.215s] gmake[2]: *** [CMakeFiles/gazebo_ros_create_docking_status.dir/build.make:76: CMakeFiles/gazebo_ros_create_docking_status.dir/src/gazebo_ros_docking_status.cpp.o] Interrupt
[13.215s] gmake[2]: *** [CMakeFiles/gazebo_ros_create_bumper.dir/build.make:76: CMakeFiles/gazebo_ros_create_bumper.dir/src/gazebo_ros_bumper.cpp.o] Interrupt
[13.215s] gmake[2]: *** [CMakeFiles/gazebo_ros_create_ir_intensity_sensor.dir/build.make:76: CMakeFiles/gazebo_ros_create_ir_intensity_sensor.dir/src/gazebo_ros_ir_intensity_sensor.cpp.o] Interrupt
[13.216s] gmake[2]: *** [CMakeFiles/gazebo_ros_create_cliff_sensor.dir/build.make:76: CMakeFiles/gazebo_ros_create_cliff_sensor.dir/src/gazebo_ros_cliff_sensor.cpp.o] Interrupt
[13.217s] gmake[2]: *** [CMakeFiles/gazebo_ros_create_imu.dir/build.make:76: CMakeFiles/gazebo_ros_create_imu.dir/src/gazebo_ros_imu.cpp.o] Interrupt
[13.224s] gmake[2]: *** [CMakeFiles/gazebo_ros_create_wheel_drop.dir/build.make:76: CMakeFiles/gazebo_ros_create_wheel_drop.dir/src/gazebo_ros_wheel_drop.cpp.o] Interrupt
[13.225s] gmake[2]: *** [CMakeFiles/gazebo_ros_create_optical_mouse.dir/build.make:76: CMakeFiles/gazebo_ros_create_optical_mouse.dir/src/gazebo_ros_optical_mouse.cpp.o] Interrupt
[13.225s] gmake[1]: *** [CMakeFiles/Makefile2:207: CMakeFiles/gazebo_ros_create_docking_status.dir/all] Interrupt
[13.225s] gmake[1]: *** [CMakeFiles/Makefile2:181: CMakeFiles/gazebo_ros_create_cliff_sensor.dir/all] Interrupt
[13.226s] gmake[1]: *** [CMakeFiles/Makefile2:155: CMakeFiles/gazebo_ros_create_bumper.dir/all] Interrupt
[13.226s] gmake[1]: *** [CMakeFiles/Makefile2:364: CMakeFiles/docking_manager.dir/all] Interrupt
[13.226s] gmake[1]: *** [CMakeFiles/Makefile2:259: CMakeFiles/gazebo_ros_create_imu.dir/all] Interrupt
[13.226s] gmake[1]: *** [CMakeFiles/Makefile2:311: CMakeFiles/gazebo_ros_create_optical_mouse.dir/all] Interrupt
[13.227s] gmake[1]: *** [CMakeFiles/Makefile2:390: CMakeFiles/gazebo_ros_create_wheel_drop.dir/all] Interrupt
[13.227s] gmake[1]: *** [CMakeFiles/Makefile2:285: CMakeFiles/gazebo_ros_create_ir_intensity_sensor.dir/all] Interrupt
[13.227s] gmake: *** [Makefile:146: all] Interrupt
[13.237s] Invoked command in '/home/alex/Programming/ROS2/Ingenia/Ground-Air-ISE23-24/Code/Gazebo Simulation/Simulation_ws/build/irobot_create_gazebo_plugins' returned '-2': AMENT_PREFIX_PATH=/home/alex/Programming/ROS2/Ingenia/Ground-Air-ISE23-24/Code/Gazebo Simulation/Simulation_ws/install/irobot_create_toolbox:${AMENT_PREFIX_PATH} CMAKE_PREFIX_PATH=/home/alex/Programming/ROS2/Ingenia/Ground-Air-ISE23-24/Code/Gazebo Simulation/Simulation_ws/install/irobot_create_toolbox:/opt/ros/humble LD_LIBRARY_PATH=/home/alex/Programming/ROS2/Ingenia/Ground-Air-ISE23-24/Code/Gazebo Simulation/Simulation_ws/install/irobot_create_toolbox/lib:${LD_LIBRARY_PATH} /usr/bin/cmake --build /home/alex/Programming/ROS2/Ingenia/Ground-Air-ISE23-24/Code/Gazebo Simulation/Simulation_ws/build/irobot_create_gazebo_plugins -- -j8 -l8
