[0.022s] Invoking command in '/home/alex/Programming/ROS2/Ingenia/Ground-Air-ISE23-24/Code/Gazebo Simulation/Simulation_ws/build/irobot_create_description': AMENT_PREFIX_PATH=/home/alex/Programming/ROS2/Ingenia/Ground-Air-ISE23-24/Code/Gazebo Simulation/Simulation_ws/install/irobot_create_control:${AMENT_PREFIX_PATH} CMAKE_PREFIX_PATH=/home/alex/Programming/ROS2/Ingenia/Ground-Air-ISE23-24/Code/Gazebo Simulation/Simulation_ws/install/irobot_create_control:/opt/ros/humble /usr/bin/cmake --build /home/alex/Programming/ROS2/Ingenia/Ground-Air-ISE23-24/Code/Gazebo Simulation/Simulation_ws/build/irobot_create_description -- -j8 -l8
[0.082s] Invoked command in '/home/alex/Programming/ROS2/Ingenia/Ground-Air-ISE23-24/Code/Gazebo Simulation/Simulation_ws/build/irobot_create_description' returned '0': AMENT_PREFIX_PATH=/home/alex/Programming/ROS2/Ingenia/Ground-Air-ISE23-24/Code/Gazebo Simulation/Simulation_ws/install/irobot_create_control:${AMENT_PREFIX_PATH} CMAKE_PREFIX_PATH=/home/alex/Programming/ROS2/Ingenia/Ground-Air-ISE23-24/Code/Gazebo Simulation/Simulation_ws/install/irobot_create_control:/opt/ros/humble /usr/bin/cmake --build /home/alex/Programming/ROS2/Ingenia/Ground-Air-ISE23-24/Code/Gazebo Simulation/Simulation_ws/build/irobot_create_description -- -j8 -l8
[0.121s] Invoking command in '/home/alex/Programming/ROS2/Ingenia/Ground-Air-ISE23-24/Code/Gazebo Simulation/Simulation_ws/build/irobot_create_description': AMENT_PREFIX_PATH=/home/alex/Programming/ROS2/Ingenia/Ground-Air-ISE23-24/Code/Gazebo Simulation/Simulation_ws/install/irobot_create_control:${AMENT_PREFIX_PATH} CMAKE_PREFIX_PATH=/home/alex/Programming/ROS2/Ingenia/Ground-Air-ISE23-24/Code/Gazebo Simulation/Simulation_ws/install/irobot_create_control:/opt/ros/humble /usr/bin/cmake --install /home/alex/Programming/ROS2/Ingenia/Ground-Air-ISE23-24/Code/Gazebo Simulation/Simulation_ws/build/irobot_create_description
[0.132s] -- Install configuration: ""
[0.132s] -- Execute custom install script
[0.134s] -- Up-to-date symlink: /home/alex/Programming/ROS2/Ingenia/Ground-Air-ISE23-24/Code/Gazebo Simulation/Simulation_ws/install/irobot_create_description/share/irobot_create_description//meshes/body_visual.dae
[0.134s] -- Up-to-date symlink: /home/alex/Programming/ROS2/Ingenia/Ground-Air-ISE23-24/Code/Gazebo Simulation/Simulation_ws/install/irobot_create_description/share/irobot_create_description//meshes/bumper_collision.dae
[0.134s] -- Up-to-date symlink: /home/alex/Programming/ROS2/Ingenia/Ground-Air-ISE23-24/Code/Gazebo Simulation/Simulation_ws/install/irobot_create_description/share/irobot_create_description//meshes/bumper_visual.dae
[0.135s] -- Up-to-date symlink: /home/alex/Programming/ROS2/Ingenia/Ground-Air-ISE23-24/Code/Gazebo Simulation/Simulation_ws/install/irobot_create_description/share/irobot_create_description//meshes/dock/visual.dae
[0.136s] -- Up-to-date symlink: /home/alex/Programming/ROS2/Ingenia/Ground-Air-ISE23-24/Code/Gazebo Simulation/Simulation_ws/install/irobot_create_description/share/irobot_create_description//urdf/bumper.urdf.xacro
[0.136s] -- Up-to-date symlink: /home/alex/Programming/ROS2/Ingenia/Ground-Air-ISE23-24/Code/Gazebo Simulation/Simulation_ws/install/irobot_create_description/share/irobot_create_description//urdf/button.urdf.xacro
[0.137s] -- Up-to-date symlink: /home/alex/Programming/ROS2/Ingenia/Ground-Air-ISE23-24/Code/Gazebo Simulation/Simulation_ws/install/irobot_create_description/share/irobot_create_description//urdf/caster.urdf.xacro
[0.137s] -- Up-to-date symlink: /home/alex/Programming/ROS2/Ingenia/Ground-Air-ISE23-24/Code/Gazebo Simulation/Simulation_ws/install/irobot_create_description/share/irobot_create_description//urdf/common_properties.urdf.xacro
[0.137s] -- Up-to-date symlink: /home/alex/Programming/ROS2/Ingenia/Ground-Air-ISE23-24/Code/Gazebo Simulation/Simulation_ws/install/irobot_create_description/share/irobot_create_description//urdf/create3.urdf.xacro
[0.138s] -- Up-to-date symlink: /home/alex/Programming/ROS2/Ingenia/Ground-Air-ISE23-24/Code/Gazebo Simulation/Simulation_ws/install/irobot_create_description/share/irobot_create_description//urdf/dock/ir_emitter.urdf.xacro
[0.138s] -- Up-to-date symlink: /home/alex/Programming/ROS2/Ingenia/Ground-Air-ISE23-24/Code/Gazebo Simulation/Simulation_ws/install/irobot_create_description/share/irobot_create_description//urdf/dock/standard_dock.urdf.xacro
[0.139s] -- Up-to-date symlink: /home/alex/Programming/ROS2/Ingenia/Ground-Air-ISE23-24/Code/Gazebo Simulation/Simulation_ws/install/irobot_create_description/share/irobot_create_description//urdf/sensors/cliff_sensor.urdf.xacro
[0.139s] -- Up-to-date symlink: /home/alex/Programming/ROS2/Ingenia/Ground-Air-ISE23-24/Code/Gazebo Simulation/Simulation_ws/install/irobot_create_description/share/irobot_create_description//urdf/sensors/imu.urdf.xacro
[0.139s] -- Up-to-date symlink: /home/alex/Programming/ROS2/Ingenia/Ground-Air-ISE23-24/Code/Gazebo Simulation/Simulation_ws/install/irobot_create_description/share/irobot_create_description//urdf/sensors/ir_intensity.urdf.xacro
[0.140s] -- Up-to-date symlink: /home/alex/Programming/ROS2/Ingenia/Ground-Air-ISE23-24/Code/Gazebo Simulation/Simulation_ws/install/irobot_create_description/share/irobot_create_description//urdf/sensors/ir_opcode_receivers.urdf.xacro
[0.140s] -- Up-to-date symlink: /home/alex/Programming/ROS2/Ingenia/Ground-Air-ISE23-24/Code/Gazebo Simulation/Simulation_ws/install/irobot_create_description/share/irobot_create_description//urdf/sensors/optical_mouse.urdf.xacro
[0.140s] -- Up-to-date symlink: /home/alex/Programming/ROS2/Ingenia/Ground-Air-ISE23-24/Code/Gazebo Simulation/Simulation_ws/install/irobot_create_description/share/irobot_create_description//urdf/wheel.urdf.xacro
[0.141s] -- Up-to-date symlink: /home/alex/Programming/ROS2/Ingenia/Ground-Air-ISE23-24/Code/Gazebo Simulation/Simulation_ws/install/irobot_create_description/share/irobot_create_description//urdf/wheel_drop.urdf.xacro
[0.141s] -- Up-to-date symlink: /home/alex/Programming/ROS2/Ingenia/Ground-Air-ISE23-24/Code/Gazebo Simulation/Simulation_ws/install/irobot_create_description/share/irobot_create_description//urdf/wheel_with_wheeldrop.urdf.xacro
[0.142s] -- Up-to-date symlink: /home/alex/Programming/ROS2/Ingenia/Ground-Air-ISE23-24/Code/Gazebo Simulation/Simulation_ws/install/irobot_create_description/share/ament_index/resource_index/package_run_dependencies/irobot_create_description
[0.143s] -- Up-to-date symlink: /home/alex/Programming/ROS2/Ingenia/Ground-Air-ISE23-24/Code/Gazebo Simulation/Simulation_ws/install/irobot_create_description/share/ament_index/resource_index/parent_prefix_path/irobot_create_description
[0.144s] -- Up-to-date symlink: /home/alex/Programming/ROS2/Ingenia/Ground-Air-ISE23-24/Code/Gazebo Simulation/Simulation_ws/install/irobot_create_description/share/irobot_create_description/environment/ament_prefix_path.sh
[0.144s] -- Up-to-date symlink: /home/alex/Programming/ROS2/Ingenia/Ground-Air-ISE23-24/Code/Gazebo Simulation/Simulation_ws/install/irobot_create_description/share/irobot_create_description/environment/ament_prefix_path.dsv
[0.145s] -- Up-to-date symlink: /home/alex/Programming/ROS2/Ingenia/Ground-Air-ISE23-24/Code/Gazebo Simulation/Simulation_ws/install/irobot_create_description/share/irobot_create_description/environment/path.sh
[0.145s] -- Up-to-date symlink: /home/alex/Programming/ROS2/Ingenia/Ground-Air-ISE23-24/Code/Gazebo Simulation/Simulation_ws/install/irobot_create_description/share/irobot_create_description/environment/path.dsv
[0.146s] -- Up-to-date symlink: /home/alex/Programming/ROS2/Ingenia/Ground-Air-ISE23-24/Code/Gazebo Simulation/Simulation_ws/install/irobot_create_description/share/irobot_create_description/local_setup.bash
[0.147s] -- Up-to-date symlink: /home/alex/Programming/ROS2/Ingenia/Ground-Air-ISE23-24/Code/Gazebo Simulation/Simulation_ws/install/irobot_create_description/share/irobot_create_description/local_setup.sh
[0.150s] -- Up-to-date symlink: /home/alex/Programming/ROS2/Ingenia/Ground-Air-ISE23-24/Code/Gazebo Simulation/Simulation_ws/install/irobot_create_description/share/irobot_create_description/local_setup.zsh
[0.151s] -- Up-to-date symlink: /home/alex/Programming/ROS2/Ingenia/Ground-Air-ISE23-24/Code/Gazebo Simulation/Simulation_ws/install/irobot_create_description/share/irobot_create_description/local_setup.dsv
[0.152s] -- Symlinking: /home/alex/Programming/ROS2/Ingenia/Ground-Air-ISE23-24/Code/Gazebo Simulation/Simulation_ws/install/irobot_create_description/share/irobot_create_description/package.dsv
[0.168s] -- Up-to-date symlink: /home/alex/Programming/ROS2/Ingenia/Ground-Air-ISE23-24/Code/Gazebo Simulation/Simulation_ws/install/irobot_create_description/share/ament_index/resource_index/packages/irobot_create_description
[0.169s] -- Up-to-date symlink: /home/alex/Programming/ROS2/Ingenia/Ground-Air-ISE23-24/Code/Gazebo Simulation/Simulation_ws/install/irobot_create_description/share/irobot_create_description/cmake/irobot_create_descriptionConfig.cmake
[0.170s] -- Up-to-date symlink: /home/alex/Programming/ROS2/Ingenia/Ground-Air-ISE23-24/Code/Gazebo Simulation/Simulation_ws/install/irobot_create_description/share/irobot_create_description/cmake/irobot_create_descriptionConfig-version.cmake
[0.171s] -- Up-to-date symlink: /home/alex/Programming/ROS2/Ingenia/Ground-Air-ISE23-24/Code/Gazebo Simulation/Simulation_ws/install/irobot_create_description/share/irobot_create_description/package.xml
[0.177s] Invoked command in '/home/alex/Programming/ROS2/Ingenia/Ground-Air-ISE23-24/Code/Gazebo Simulation/Simulation_ws/build/irobot_create_description' returned '0': AMENT_PREFIX_PATH=/home/alex/Programming/ROS2/Ingenia/Ground-Air-ISE23-24/Code/Gazebo Simulation/Simulation_ws/install/irobot_create_control:${AMENT_PREFIX_PATH} CMAKE_PREFIX_PATH=/home/alex/Programming/ROS2/Ingenia/Ground-Air-ISE23-24/Code/Gazebo Simulation/Simulation_ws/install/irobot_create_control:/opt/ros/humble /usr/bin/cmake --install /home/alex/Programming/ROS2/Ingenia/Ground-Air-ISE23-24/Code/Gazebo Simulation/Simulation_ws/build/irobot_create_description
