[  5%] Built target hazards_vector_publisher
[ 10%] Built target ir_intensity_publisher_lib
[ 18%] [32mBuilding CXX object CMakeFiles/motion_control_lib.dir/src/motion_control_node.cpp.o[0m
[ 18%] Built target hazard_publisher_lib
[ 24%] Built target motion_control
[ 29%] Built target ir_intensity_vector_publisher
[ 35%] Built target wheel_status_publisher
[ 40%] Built target wheel_status_publisher_lib
[ 43%] [32mBuilding CXX object CMakeFiles/motion_control_lib.dir/src/motion_control/docking_behavior.cpp.o[0m
[ 45%] [32mBuilding CXX object CMakeFiles/ui_mgr_lib.dir/src/ui_mgr.cpp.o[0m
[ 48%] [32mBuilding CXX object CMakeFiles/robot_state_lib.dir/src/robot_state.cpp.o[0m
[ 54%] Built target ui_mgr
[ 59%] Built target robot_state
[ 64%] Built target mock_publisher
[ 70%] Built target mock_publisher_lib
[ 72%] [32mBuilding CXX object CMakeFiles/motion_control_lib.dir/src/motion_control/wall_follow_behavior.cpp.o[0m
[ 75%] [32mBuilding CXX object CMakeFiles/motion_control_lib.dir/src/motion_control/drive_goal_behaviors.cpp.o[0m
[ 78%] [32mBuilding CXX object CMakeFiles/kidnap_estimator_publisher.dir/rclcpp_components/node_main_kidnap_estimator_publisher.cpp.o[0m
[ 81%] [32mBuilding CXX object CMakeFiles/kidnap_estimator_publisher_lib.dir/src/kidnap_estimator_publisher.cpp.o[0m
[ 83%] [32m[1mLinking CXX executable kidnap_estimator_publisher[0m
[ 83%] Built target kidnap_estimator_publisher
[ 86%] [32mBuilding CXX object CMakeFiles/motion_control_lib.dir/src/motion_control/wall_follow_states.cpp.o[0m
