[0.022s] Invoking command in '/home/alex/Programming/ROS2/Ingenia/Ground-Air-ISE23-24/Code/Gazebo Simulation/Simulation_ws/build/irobot_create_nodes': AMENT_PREFIX_PATH=/home/alex/Programming/ROS2/Ingenia/Ground-Air-ISE23-24/Code/Gazebo Simulation/Simulation_ws/install/irobot_create_toolbox:${AMENT_PREFIX_PATH} CMAKE_PREFIX_PATH=/home/alex/Programming/ROS2/Ingenia/Ground-Air-ISE23-24/Code/Gazebo Simulation/Simulation_ws/install/irobot_create_toolbox:/opt/ros/humble LD_LIBRARY_PATH=/home/alex/Programming/ROS2/Ingenia/Ground-Air-ISE23-24/Code/Gazebo Simulation/Simulation_ws/install/irobot_create_toolbox/lib:${LD_LIBRARY_PATH} /usr/bin/cmake --build /home/alex/Programming/ROS2/Ingenia/Ground-Air-ISE23-24/Code/Gazebo Simulation/Simulation_ws/build/irobot_create_nodes -- -j8 -l8
[0.105s] [35m[1mConsolidate compiler generated dependencies of target motion_control_lib[0m
[0.142s] [  2%] [32mBuilding CXX object CMakeFiles/motion_control_lib.dir/src/motion_control_node.cpp.o[0m
[0.152s] [ 13%] Built target hazard_publisher_lib
[0.152s] [ 13%] Built target motion_control
[0.153s] [ 24%] Built target hazards_vector_publisher
[0.153s] [ 24%] Built target ir_intensity_vector_publisher
[0.154s] [ 29%] Built target wheel_status_publisher_lib
[0.160s] [ 35%] Built target ir_intensity_publisher_lib
[0.172s] [ 40%] Built target wheel_status_publisher
[0.173s] [ 43%] [32mBuilding CXX object CMakeFiles/motion_control_lib.dir/src/motion_control/docking_behavior.cpp.o[0m
[0.187s] [35m[1mConsolidate compiler generated dependencies of target mock_publisher_lib[0m
[0.200s] [ 45%] [32mBuilding CXX object CMakeFiles/robot_state_lib.dir/src/robot_state.cpp.o[0m
[0.209s] [ 48%] [32mBuilding CXX object CMakeFiles/ui_mgr_lib.dir/src/ui_mgr.cpp.o[0m
[0.226s] [ 54%] Built target robot_state
[0.228s] [ 59%] Built target ui_mgr
[0.242s] [ 64%] Built target mock_publisher
[0.246s] [ 70%] Built target mock_publisher_lib
[0.266s] [ 72%] [32mBuilding CXX object CMakeFiles/motion_control_lib.dir/src/motion_control/drive_goal_behaviors.cpp.o[0m
[0.277s] [ 75%] [32mBuilding CXX object CMakeFiles/motion_control_lib.dir/src/motion_control/wall_follow_behavior.cpp.o[0m
[0.299s] [ 78%] [32mBuilding CXX object CMakeFiles/kidnap_estimator_publisher_lib.dir/src/kidnap_estimator_publisher.cpp.o[0m
[0.312s] [ 81%] [32mBuilding CXX object CMakeFiles/kidnap_estimator_publisher.dir/rclcpp_components/node_main_kidnap_estimator_publisher.cpp.o[0m
