[0.028s] Invoking command in '/home/alex/Programming/ROS2/Ingenia/Ground-Air-ISE23-24/Code/Gazebo Simulation/Simulation_ws/build/irobot_create_nodes': AMENT_PREFIX_PATH=/home/alex/Programming/ROS2/Ingenia/Ground-Air-ISE23-24/Code/Gazebo Simulation/Simulation_ws/install/irobot_create_toolbox:${AMENT_PREFIX_PATH} CMAKE_PREFIX_PATH=/home/alex/Programming/ROS2/Ingenia/Ground-Air-ISE23-24/Code/Gazebo Simulation/Simulation_ws/install/irobot_create_toolbox:/opt/ros/humble LD_LIBRARY_PATH=/home/alex/Programming/ROS2/Ingenia/Ground-Air-ISE23-24/Code/Gazebo Simulation/Simulation_ws/install/irobot_create_toolbox/lib:${LD_LIBRARY_PATH} /usr/bin/cmake --build /home/alex/Programming/ROS2/Ingenia/Ground-Air-ISE23-24/Code/Gazebo Simulation/Simulation_ws/build/irobot_create_nodes -- -j8 -l8
[0.155s] [  2%] [32mBuilding CXX object CMakeFiles/motion_control_lib.dir/src/motion_control_node.cpp.o[0m
[0.175s] [  8%] Built target ir_intensity_vector_publisher
[0.180s] [ 13%] Built target hazard_publisher_lib
[0.182s] [ 18%] Built target hazards_vector_publisher
[0.188s] [ 24%] Built target wheel_status_publisher
[0.191s] [ 29%] Built target ir_intensity_publisher_lib
[0.194s] [ 35%] Built target motion_control
[0.209s] [ 37%] [32mBuilding CXX object CMakeFiles/motion_control_lib.dir/src/motion_control/docking_behavior.cpp.o[0m
[0.211s] [ 43%] Built target wheel_status_publisher_lib
[0.231s] [ 45%] [32mBuilding CXX object CMakeFiles/motion_control_lib.dir/src/motion_control/drive_goal_behaviors.cpp.o[0m
[0.318s] [ 48%] [32mBuilding CXX object CMakeFiles/robot_state_lib.dir/src/robot_state.cpp.o[0m
[0.370s] [ 51%] [32mBuilding CXX object CMakeFiles/ui_mgr_lib.dir/src/ui_mgr.cpp.o[0m
[0.370s] [ 56%] Built target robot_state
[0.414s] [ 62%] Built target mock_publisher_lib
[0.428s] [ 67%] Built target ui_mgr
[0.590s] [ 72%] Built target mock_publisher
[0.631s] [ 75%] [32mBuilding CXX object CMakeFiles/kidnap_estimator_publisher.dir/rclcpp_components/node_main_kidnap_estimator_publisher.cpp.o[0m
[0.635s] [ 78%] [32mBuilding CXX object CMakeFiles/motion_control_lib.dir/src/motion_control/wall_follow_behavior.cpp.o[0m
[0.637s] [ 81%] [32mBuilding CXX object CMakeFiles/kidnap_estimator_publisher_lib.dir/src/kidnap_estimator_publisher.cpp.o[0m
[13.200s] gmake[2]: *** [CMakeFiles/kidnap_estimator_publisher_lib.dir/build.make:76: CMakeFiles/kidnap_estimator_publisher_lib.dir/src/kidnap_estimator_publisher.cpp.o] Interrupt
[13.210s] gmake[2]: *** [CMakeFiles/kidnap_estimator_publisher.dir/build.make:76: CMakeFiles/kidnap_estimator_publisher.dir/rclcpp_components/node_main_kidnap_estimator_publisher.cpp.o] Interrupt
[13.210s] gmake[2]: *** [CMakeFiles/robot_state_lib.dir/build.make:76: CMakeFiles/robot_state_lib.dir/src/robot_state.cpp.o] Interrupt
[13.232s] gmake[1]: *** [CMakeFiles/Makefile2:557: CMakeFiles/kidnap_estimator_publisher.dir/all] Interrupt
[13.232s] gmake[1]: *** [CMakeFiles/Makefile2:375: CMakeFiles/robot_state_lib.dir/all] Interrupt
[13.232s] gmake[1]: *** [CMakeFiles/Makefile2:531: CMakeFiles/kidnap_estimator_publisher_lib.dir/all] Interrupt
[13.232s] gmake[2]: *** [CMakeFiles/ui_mgr_lib.dir/build.make:76: CMakeFiles/ui_mgr_lib.dir/src/ui_mgr.cpp.o] Interrupt
[13.233s] gmake[2]: *** [CMakeFiles/motion_control_lib.dir/build.make:76: CMakeFiles/motion_control_lib.dir/src/motion_control_node.cpp.o] Interrupt
[13.233s] gmake[2]: *** [CMakeFiles/motion_control_lib.dir/build.make:90: CMakeFiles/motion_control_lib.dir/src/motion_control/docking_behavior.cpp.o] Interrupt
[13.233s] gmake[2]: *** [CMakeFiles/motion_control_lib.dir/build.make:104: CMakeFiles/motion_control_lib.dir/src/motion_control/drive_goal_behaviors.cpp.o] Interrupt
[13.233s] gmake[2]: *** [CMakeFiles/motion_control_lib.dir/build.make:132: CMakeFiles/motion_control_lib.dir/src/motion_control/wall_follow_behavior.cpp.o] Interrupt
[13.233s] gmake[1]: *** [CMakeFiles/Makefile2:427: CMakeFiles/ui_mgr_lib.dir/all] Interrupt
[13.233s] gmake[1]: *** [CMakeFiles/Makefile2:271: CMakeFiles/motion_control_lib.dir/all] Interrupt
[13.234s] gmake: *** [Makefile:146: all] Interrupt
[13.239s] Invoked command in '/home/alex/Programming/ROS2/Ingenia/Ground-Air-ISE23-24/Code/Gazebo Simulation/Simulation_ws/build/irobot_create_nodes' returned '-2': AMENT_PREFIX_PATH=/home/alex/Programming/ROS2/Ingenia/Ground-Air-ISE23-24/Code/Gazebo Simulation/Simulation_ws/install/irobot_create_toolbox:${AMENT_PREFIX_PATH} CMAKE_PREFIX_PATH=/home/alex/Programming/ROS2/Ingenia/Ground-Air-ISE23-24/Code/Gazebo Simulation/Simulation_ws/install/irobot_create_toolbox:/opt/ros/humble LD_LIBRARY_PATH=/home/alex/Programming/ROS2/Ingenia/Ground-Air-ISE23-24/Code/Gazebo Simulation/Simulation_ws/install/irobot_create_toolbox/lib:${LD_LIBRARY_PATH} /usr/bin/cmake --build /home/alex/Programming/ROS2/Ingenia/Ground-Air-ISE23-24/Code/Gazebo Simulation/Simulation_ws/build/irobot_create_nodes -- -j8 -l8
