[0.013s] Invoking command in '/home/manuel/create3Git_ws/Ground-Air-ISE23-24/Code/Gazebo Simulation/Simulation_ws/build/irobot_create_nodes': AMENT_PREFIX_PATH=/home/manuel/create3Git_ws/Ground-Air-ISE23-24/Code/Gazebo Simulation/Simulation_ws/install/irobot_create_toolbox:${AMENT_PREFIX_PATH} CMAKE_PREFIX_PATH=/home/manuel/create3Git_ws/Ground-Air-ISE23-24/Code/Gazebo Simulation/Simulation_ws/install/irobot_create_toolbox:/opt/ros/humble LD_LIBRARY_PATH=/home/manuel/create3Git_ws/Ground-Air-ISE23-24/Code/Gazebo Simulation/Simulation_ws/install/irobot_create_toolbox/lib:${LD_LIBRARY_PATH} /usr/bin/cmake /home/manuel/create3Git_ws/Ground-Air-ISE23-24/Code/Gazebo Simulation/Simulation_ws/src/create3_sim/irobot_create_common/irobot_create_nodes -DAMENT_CMAKE_SYMLINK_INSTALL=1 -DCMAKE_INSTALL_PREFIX=/home/manuel/create3Git_ws/Ground-Air-ISE23-24/Code/Gazebo Simulation/Simulation_ws/install/irobot_create_nodes
[0.065s] -- The C compiler identification is GNU 11.4.0
[0.121s] -- The CXX compiler identification is GNU 11.4.0
[0.128s] -- Detecting C compiler ABI info
[0.194s] -- Detecting C compiler ABI info - done
[0.201s] -- Check for working C compiler: /usr/bin/cc - skipped
[0.202s] -- Detecting C compile features
[0.202s] -- Detecting C compile features - done
[0.205s] -- Detecting CXX compiler ABI info
[0.282s] -- Detecting CXX compiler ABI info - done
[0.289s] -- Check for working CXX compiler: /usr/bin/c++ - skipped
[0.289s] -- Detecting CXX compile features
[0.289s] -- Detecting CXX compile features - done
[0.292s] -- Found ament_cmake: 1.3.8 (/opt/ros/humble/share/ament_cmake/cmake)
[0.439s] -- Found Python3: /usr/bin/python3 (found version "3.10.12") found components: Interpreter 
[0.499s] -- Override CMake install command with custom implementation using symlinks instead of copying resources
[0.530s] -- Found angles: 1.15.0 (/opt/ros/humble/share/angles/cmake)
[0.533s] -- Found control_msgs: 4.4.0 (/opt/ros/humble/share/control_msgs/cmake)
[0.566s] -- Found rosidl_generator_c: 3.1.5 (/opt/ros/humble/share/rosidl_generator_c/cmake)
[0.570s] -- Found rosidl_adapter: 3.1.5 (/opt/ros/humble/share/rosidl_adapter/cmake)
[0.577s] -- Found rosidl_generator_cpp: 3.1.5 (/opt/ros/humble/share/rosidl_generator_cpp/cmake)
[0.589s] -- Using all available rosidl_typesupport_c: rosidl_typesupport_fastrtps_c;rosidl_typesupport_introspection_c
[0.607s] -- Using all available rosidl_typesupport_cpp: rosidl_typesupport_fastrtps_cpp;rosidl_typesupport_introspection_cpp
[1.144s] -- Found nav_msgs: 4.2.3 (/opt/ros/humble/share/nav_msgs/cmake)
[1.227s] -- Found irobot_create_msgs: 2.1.0 (/opt/ros/humble/share/irobot_create_msgs/cmake)
[1.358s] -- Found irobot_create_toolbox: 2.0.0 (/home/manuel/create3Git_ws/Ground-Air-ISE23-24/Code/Gazebo Simulation/Simulation_ws/install/irobot_create_toolbox/share/irobot_create_toolbox/cmake)
[1.425s] -- Found rmw_implementation_cmake: 6.1.1 (/opt/ros/humble/share/rmw_implementation_cmake/cmake)
[1.427s] -- Found rmw_fastrtps_cpp: 6.2.6 (/opt/ros/humble/share/rmw_fastrtps_cpp/cmake)
[1.531s] -- Found OpenSSL: /usr/lib/x86_64-linux-gnu/libcrypto.so (found version "3.0.2")  
[1.559s] -- Found FastRTPS: /opt/ros/humble/include  
[1.607s] -- Using RMW implementation 'rmw_fastrtps_cpp' as default
[1.616s] -- Looking for pthread.h
[1.689s] -- Looking for pthread.h - found
[1.689s] -- Performing Test CMAKE_HAVE_LIBC_PTHREAD
[1.762s] -- Performing Test CMAKE_HAVE_LIBC_PTHREAD - Success
[1.763s] -- Found Threads: TRUE  
[1.894s] -- Found rclcpp_action: 16.0.8 (/opt/ros/humble/share/rclcpp_action/cmake)
[1.926s] -- Found rclcpp_components: 16.0.8 (/opt/ros/humble/share/rclcpp_components/cmake)
[1.995s] -- Found tf2: 0.25.6 (/opt/ros/humble/share/tf2/cmake)
[2.003s] -- Found tf2_geometry_msgs: 0.25.6 (/opt/ros/humble/share/tf2_geometry_msgs/cmake)
[2.018s] -- Found eigen3_cmake_module: 0.1.1 (/opt/ros/humble/share/eigen3_cmake_module/cmake)
[2.019s] -- Found Eigen3: TRUE (found version "3.4.0") 
[2.019s] -- Ensuring Eigen3 include directory is part of orocos-kdl CMake target
[2.212s] -- Found Boost: /usr/lib/x86_64-linux-gnu/cmake/Boost-1.74.0/BoostConfig.cmake (found version "1.74.0")  
[2.296s] -- Found ament_lint_auto: 0.12.10 (/opt/ros/humble/share/ament_lint_auto/cmake)
[2.381s] -- Added test 'cppcheck' to perform static code analysis on C / C++ code
[2.382s] -- Configured cppcheck include dirs: /home/manuel/create3Git_ws/Ground-Air-ISE23-24/Code/Gazebo Simulation/Simulation_ws/src/create3_sim/irobot_create_common/irobot_create_nodes/include
[2.383s] -- Configured cppcheck exclude dirs and/or files: 
[2.384s] -- Added test 'cpplint' to check C / C++ code against the Google style
[2.384s] -- Configured cpplint exclude dirs and/or files: 
[2.385s] -- Added test 'lint_cmake' to check CMake code style
[2.387s] -- Added test 'uncrustify' to check C / C++ code style
[2.387s] -- Configured uncrustify additional arguments: 
[2.387s] -- Added test 'xmllint' to check XML markup files
[2.390s] -- Configuring done
[2.493s] -- Generating done
[2.496s] -- Build files have been written to: /home/manuel/create3Git_ws/Ground-Air-ISE23-24/Code/Gazebo Simulation/Simulation_ws/build/irobot_create_nodes
[2.511s] Invoked command in '/home/manuel/create3Git_ws/Ground-Air-ISE23-24/Code/Gazebo Simulation/Simulation_ws/build/irobot_create_nodes' returned '0': AMENT_PREFIX_PATH=/home/manuel/create3Git_ws/Ground-Air-ISE23-24/Code/Gazebo Simulation/Simulation_ws/install/irobot_create_toolbox:${AMENT_PREFIX_PATH} CMAKE_PREFIX_PATH=/home/manuel/create3Git_ws/Ground-Air-ISE23-24/Code/Gazebo Simulation/Simulation_ws/install/irobot_create_toolbox:/opt/ros/humble LD_LIBRARY_PATH=/home/manuel/create3Git_ws/Ground-Air-ISE23-24/Code/Gazebo Simulation/Simulation_ws/install/irobot_create_toolbox/lib:${LD_LIBRARY_PATH} /usr/bin/cmake /home/manuel/create3Git_ws/Ground-Air-ISE23-24/Code/Gazebo Simulation/Simulation_ws/src/create3_sim/irobot_create_common/irobot_create_nodes -DAMENT_CMAKE_SYMLINK_INSTALL=1 -DCMAKE_INSTALL_PREFIX=/home/manuel/create3Git_ws/Ground-Air-ISE23-24/Code/Gazebo Simulation/Simulation_ws/install/irobot_create_nodes
[2.514s] Invoking command in '/home/manuel/create3Git_ws/Ground-Air-ISE23-24/Code/Gazebo Simulation/Simulation_ws/build/irobot_create_nodes': AMENT_PREFIX_PATH=/home/manuel/create3Git_ws/Ground-Air-ISE23-24/Code/Gazebo Simulation/Simulation_ws/install/irobot_create_toolbox:${AMENT_PREFIX_PATH} CMAKE_PREFIX_PATH=/home/manuel/create3Git_ws/Ground-Air-ISE23-24/Code/Gazebo Simulation/Simulation_ws/install/irobot_create_toolbox:/opt/ros/humble LD_LIBRARY_PATH=/home/manuel/create3Git_ws/Ground-Air-ISE23-24/Code/Gazebo Simulation/Simulation_ws/install/irobot_create_toolbox/lib:${LD_LIBRARY_PATH} /usr/bin/cmake --build /home/manuel/create3Git_ws/Ground-Air-ISE23-24/Code/Gazebo Simulation/Simulation_ws/build/irobot_create_nodes -- -j16 -l16
[2.576s] [  2%] [32mBuilding CXX object CMakeFiles/hazard_publisher_lib.dir/src/hazards_vector_publisher.cpp.o[0m
[2.577s] [  5%] [32mBuilding CXX object CMakeFiles/hazards_vector_publisher.dir/rclcpp_components/node_main_hazards_vector_publisher.cpp.o[0m
[2.577s] [  8%] [32mBuilding CXX object CMakeFiles/motion_control.dir/rclcpp_components/node_main_motion_control.cpp.o[0m
[2.578s] [ 10%] [32mBuilding CXX object CMakeFiles/ir_intensity_publisher_lib.dir/src/ir_intensity_vector_publisher.cpp.o[0m
[2.578s] [ 13%] [32mBuilding CXX object CMakeFiles/ir_intensity_vector_publisher.dir/rclcpp_components/node_main_ir_intensity_vector_publisher.cpp.o[0m
[2.579s] [ 16%] [32mBuilding CXX object CMakeFiles/robot_state.dir/rclcpp_components/node_main_robot_state.cpp.o[0m
[2.579s] [ 18%] [32mBuilding CXX object CMakeFiles/motion_control_lib.dir/src/motion_control_node.cpp.o[0m
[2.587s] [ 21%] [32mBuilding CXX object CMakeFiles/motion_control_lib.dir/src/motion_control/docking_behavior.cpp.o[0m
[2.590s] [ 29%] [32mBuilding CXX object CMakeFiles/ui_mgr_lib.dir/src/ui_mgr.cpp.o[0m
[2.590s] [ 29%] [32mBuilding CXX object CMakeFiles/wheel_status_publisher_lib.dir/src/wheels_publisher.cpp.o[0m
[2.590s] [ 29%] [32mBuilding CXX object CMakeFiles/robot_state_lib.dir/src/robot_state.cpp.o[0m
[2.590s] [ 32%] [32mBuilding CXX object CMakeFiles/ui_mgr.dir/rclcpp_components/node_main_ui_mgr.cpp.o[0m
[2.594s] [ 35%] [32mBuilding CXX object CMakeFiles/wheel_status_publisher.dir/rclcpp_components/node_main_wheel_status_publisher.cpp.o[0m
[2.597s] [ 37%] [32mBuilding CXX object CMakeFiles/mock_publisher.dir/rclcpp_components/node_main_mock_publisher.cpp.o[0m
[2.601s] [ 40%] [32mBuilding CXX object CMakeFiles/mock_publisher_lib.dir/src/mock_publisher.cpp.o[0m
[2.602s] [ 43%] [32mBuilding CXX object CMakeFiles/kidnap_estimator_publisher_lib.dir/src/kidnap_estimator_publisher.cpp.o[0m
[10.305s] [ 45%] [32m[1mLinking CXX executable mock_publisher[0m
[10.778s] [ 45%] Built target mock_publisher
[10.884s] [ 48%] [32mBuilding CXX object CMakeFiles/kidnap_estimator_publisher.dir/rclcpp_components/node_main_kidnap_estimator_publisher.cpp.o[0m
[11.600s] [ 51%] [32m[1mLinking CXX executable wheel_status_publisher[0m
[12.065s] [ 51%] Built target wheel_status_publisher
[12.128s] [ 54%] [32mBuilding CXX object CMakeFiles/motion_control_lib.dir/src/motion_control/drive_goal_behaviors.cpp.o[0m
[12.331s] [ 56%] [32m[1mLinking CXX executable robot_state[0m
[12.916s] [ 59%] [32m[1mLinking CXX executable hazards_vector_publisher[0m
[12.916s] [ 59%] Built target robot_state
[12.985s] [ 62%] [32mBuilding CXX object CMakeFiles/motion_control_lib.dir/src/motion_control/reflex_behavior.cpp.o[0m
[12.988s] [ 64%] [32m[1mLinking CXX executable ui_mgr[0m
[13.331s] [ 64%] Built target ui_mgr
[13.348s] [ 64%] Built target hazards_vector_publisher
[13.404s] [ 67%] [32mBuilding CXX object CMakeFiles/motion_control_lib.dir/src/motion_control/wall_follow_behavior.cpp.o[0m
[13.423s] [ 70%] [32mBuilding CXX object CMakeFiles/motion_control_lib.dir/src/motion_control/wall_follow_states.cpp.o[0m
[14.076s] [ 72%] [32m[1mLinking CXX executable motion_control[0m
[14.423s] [ 72%] Built target motion_control
[14.974s] [ 75%] [32m[1mLinking CXX executable ir_intensity_vector_publisher[0m
[15.324s] [ 75%] Built target ir_intensity_vector_publisher
[17.713s] [ 78%] [32m[1mLinking CXX shared library libmock_publisher_lib.so[0m
[18.565s] [ 78%] Built target mock_publisher_lib
[21.546s] [ 81%] [32m[1mLinking CXX executable kidnap_estimator_publisher[0m
[22.127s] [ 81%] Built target kidnap_estimator_publisher
[25.652s] [ 83%] [32m[1mLinking CXX shared library libhazard_publisher_lib.so[0m
[27.267s] [ 83%] Built target hazard_publisher_lib
[27.686s] [ 86%] [32m[1mLinking CXX shared library libwheel_status_publisher_lib.so[0m
[29.227s] [ 89%] [32m[1mLinking CXX shared library libir_intensity_publisher_lib.so[0m
[29.532s] [ 89%] Built target wheel_status_publisher_lib
[30.233s] [ 89%] Built target ir_intensity_publisher_lib
[30.901s] [ 91%] [32m[1mLinking CXX shared library libkidnap_estimator_publisher_lib.so[0m
[31.980s] [ 91%] Built target kidnap_estimator_publisher_lib
[34.006s] [ 94%] [32m[1mLinking CXX shared library librobot_state_lib.so[0m
[35.352s] [ 94%] Built target robot_state_lib
[37.175s] [ 97%] [32m[1mLinking CXX shared library libui_mgr_lib.so[0m
[39.009s] [ 97%] Built target ui_mgr_lib
[52.111s] [100%] [32m[1mLinking CXX shared library libmotion_control_lib.so[0m
[55.398s] [100%] Built target motion_control_lib
[55.430s] Invoked command in '/home/manuel/create3Git_ws/Ground-Air-ISE23-24/Code/Gazebo Simulation/Simulation_ws/build/irobot_create_nodes' returned '0': AMENT_PREFIX_PATH=/home/manuel/create3Git_ws/Ground-Air-ISE23-24/Code/Gazebo Simulation/Simulation_ws/install/irobot_create_toolbox:${AMENT_PREFIX_PATH} CMAKE_PREFIX_PATH=/home/manuel/create3Git_ws/Ground-Air-ISE23-24/Code/Gazebo Simulation/Simulation_ws/install/irobot_create_toolbox:/opt/ros/humble LD_LIBRARY_PATH=/home/manuel/create3Git_ws/Ground-Air-ISE23-24/Code/Gazebo Simulation/Simulation_ws/install/irobot_create_toolbox/lib:${LD_LIBRARY_PATH} /usr/bin/cmake --build /home/manuel/create3Git_ws/Ground-Air-ISE23-24/Code/Gazebo Simulation/Simulation_ws/build/irobot_create_nodes -- -j16 -l16
[55.535s] Invoking command in '/home/manuel/create3Git_ws/Ground-Air-ISE23-24/Code/Gazebo Simulation/Simulation_ws/build/irobot_create_nodes': AMENT_PREFIX_PATH=/home/manuel/create3Git_ws/Ground-Air-ISE23-24/Code/Gazebo Simulation/Simulation_ws/install/irobot_create_toolbox:${AMENT_PREFIX_PATH} CMAKE_PREFIX_PATH=/home/manuel/create3Git_ws/Ground-Air-ISE23-24/Code/Gazebo Simulation/Simulation_ws/install/irobot_create_toolbox:/opt/ros/humble LD_LIBRARY_PATH=/home/manuel/create3Git_ws/Ground-Air-ISE23-24/Code/Gazebo Simulation/Simulation_ws/install/irobot_create_toolbox/lib:${LD_LIBRARY_PATH} /usr/bin/cmake --install /home/manuel/create3Git_ws/Ground-Air-ISE23-24/Code/Gazebo Simulation/Simulation_ws/build/irobot_create_nodes
[55.541s] -- Install configuration: ""
[55.541s] -- Execute custom install script
[55.541s] -- Symlinking: /home/manuel/create3Git_ws/Ground-Air-ISE23-24/Code/Gazebo Simulation/Simulation_ws/install/irobot_create_nodes/lib/irobot_create_nodes/hazards_vector_publisher
[55.550s] -- Symlinking: /home/manuel/create3Git_ws/Ground-Air-ISE23-24/Code/Gazebo Simulation/Simulation_ws/install/irobot_create_nodes/lib/irobot_create_nodes/ir_intensity_vector_publisher
[55.557s] -- Symlinking: /home/manuel/create3Git_ws/Ground-Air-ISE23-24/Code/Gazebo Simulation/Simulation_ws/install/irobot_create_nodes/lib/irobot_create_nodes/motion_control
[55.565s] -- Symlinking: /home/manuel/create3Git_ws/Ground-Air-ISE23-24/Code/Gazebo Simulation/Simulation_ws/install/irobot_create_nodes/lib/irobot_create_nodes/wheel_status_publisher
[55.573s] -- Symlinking: /home/manuel/create3Git_ws/Ground-Air-ISE23-24/Code/Gazebo Simulation/Simulation_ws/install/irobot_create_nodes/lib/irobot_create_nodes/robot_state
[55.581s] -- Symlinking: /home/manuel/create3Git_ws/Ground-Air-ISE23-24/Code/Gazebo Simulation/Simulation_ws/install/irobot_create_nodes/lib/irobot_create_nodes/ui_mgr
[55.589s] -- Symlinking: /home/manuel/create3Git_ws/Ground-Air-ISE23-24/Code/Gazebo Simulation/Simulation_ws/install/irobot_create_nodes/lib/irobot_create_nodes/mock_publisher
[55.597s] -- Symlinking: /home/manuel/create3Git_ws/Ground-Air-ISE23-24/Code/Gazebo Simulation/Simulation_ws/install/irobot_create_nodes/lib/irobot_create_nodes/kidnap_estimator_publisher
[55.605s] -- Symlinking: /home/manuel/create3Git_ws/Ground-Air-ISE23-24/Code/Gazebo Simulation/Simulation_ws/install/irobot_create_nodes/lib/libhazard_publisher_lib.so
[55.612s] -- Symlinking: /home/manuel/create3Git_ws/Ground-Air-ISE23-24/Code/Gazebo Simulation/Simulation_ws/install/irobot_create_nodes/lib/libir_intensity_publisher_lib.so
[55.619s] -- Symlinking: /home/manuel/create3Git_ws/Ground-Air-ISE23-24/Code/Gazebo Simulation/Simulation_ws/install/irobot_create_nodes/lib/libmotion_control_lib.so
[55.626s] -- Symlinking: /home/manuel/create3Git_ws/Ground-Air-ISE23-24/Code/Gazebo Simulation/Simulation_ws/install/irobot_create_nodes/lib/libwheel_status_publisher_lib.so
[55.633s] -- Symlinking: /home/manuel/create3Git_ws/Ground-Air-ISE23-24/Code/Gazebo Simulation/Simulation_ws/install/irobot_create_nodes/lib/librobot_state_lib.so
[55.641s] -- Symlinking: /home/manuel/create3Git_ws/Ground-Air-ISE23-24/Code/Gazebo Simulation/Simulation_ws/install/irobot_create_nodes/lib/libui_mgr_lib.so
[55.648s] -- Symlinking: /home/manuel/create3Git_ws/Ground-Air-ISE23-24/Code/Gazebo Simulation/Simulation_ws/install/irobot_create_nodes/lib/libmock_publisher_lib.so
[55.655s] -- Symlinking: /home/manuel/create3Git_ws/Ground-Air-ISE23-24/Code/Gazebo Simulation/Simulation_ws/install/irobot_create_nodes/lib/libkidnap_estimator_publisher_lib.so
[55.672s] -- Symlinking: /home/manuel/create3Git_ws/Ground-Air-ISE23-24/Code/Gazebo Simulation/Simulation_ws/install/irobot_create_nodes/include/irobot_create_nodes/hazards_vector_publisher.hpp
[55.679s] -- Symlinking: /home/manuel/create3Git_ws/Ground-Air-ISE23-24/Code/Gazebo Simulation/Simulation_ws/install/irobot_create_nodes/include/irobot_create_nodes/ir_intensity_vector_publisher.hpp
[55.687s] -- Symlinking: /home/manuel/create3Git_ws/Ground-Air-ISE23-24/Code/Gazebo Simulation/Simulation_ws/install/irobot_create_nodes/include/irobot_create_nodes/kidnap_estimator_publisher.hpp
[55.695s] -- Symlinking: /home/manuel/create3Git_ws/Ground-Air-ISE23-24/Code/Gazebo Simulation/Simulation_ws/install/irobot_create_nodes/include/irobot_create_nodes/mock_publisher.hpp
[55.703s] -- Symlinking: /home/manuel/create3Git_ws/Ground-Air-ISE23-24/Code/Gazebo Simulation/Simulation_ws/install/irobot_create_nodes/include/irobot_create_nodes/motion_control/behaviors_scheduler.hpp
[55.710s] -- Symlinking: /home/manuel/create3Git_ws/Ground-Air-ISE23-24/Code/Gazebo Simulation/Simulation_ws/install/irobot_create_nodes/include/irobot_create_nodes/motion_control/docking_behavior.hpp
[55.717s] -- Symlinking: /home/manuel/create3Git_ws/Ground-Air-ISE23-24/Code/Gazebo Simulation/Simulation_ws/install/irobot_create_nodes/include/irobot_create_nodes/motion_control/drive_goal_behaviors.hpp
[55.725s] -- Symlinking: /home/manuel/create3Git_ws/Ground-Air-ISE23-24/Code/Gazebo Simulation/Simulation_ws/install/irobot_create_nodes/include/irobot_create_nodes/motion_control/reflex_behavior.hpp
[55.732s] -- Symlinking: /home/manuel/create3Git_ws/Ground-Air-ISE23-24/Code/Gazebo Simulation/Simulation_ws/install/irobot_create_nodes/include/irobot_create_nodes/motion_control/simple_goal_controller.hpp
[55.739s] -- Symlinking: /home/manuel/create3Git_ws/Ground-Air-ISE23-24/Code/Gazebo Simulation/Simulation_ws/install/irobot_create_nodes/include/irobot_create_nodes/motion_control/wall_follow_behavior.hpp
[55.746s] -- Symlinking: /home/manuel/create3Git_ws/Ground-Air-ISE23-24/Code/Gazebo Simulation/Simulation_ws/install/irobot_create_nodes/include/irobot_create_nodes/motion_control/wall_follow_states.hpp
[55.753s] -- Symlinking: /home/manuel/create3Git_ws/Ground-Air-ISE23-24/Code/Gazebo Simulation/Simulation_ws/install/irobot_create_nodes/include/irobot_create_nodes/motion_control_node.hpp
[55.761s] -- Symlinking: /home/manuel/create3Git_ws/Ground-Air-ISE23-24/Code/Gazebo Simulation/Simulation_ws/install/irobot_create_nodes/include/irobot_create_nodes/robot_state.hpp
[55.768s] -- Symlinking: /home/manuel/create3Git_ws/Ground-Air-ISE23-24/Code/Gazebo Simulation/Simulation_ws/install/irobot_create_nodes/include/irobot_create_nodes/ui_mgr.hpp
[55.776s] -- Symlinking: /home/manuel/create3Git_ws/Ground-Air-ISE23-24/Code/Gazebo Simulation/Simulation_ws/install/irobot_create_nodes/include/irobot_create_nodes/wheels_publisher.hpp
[55.783s] -- Symlinking: /home/manuel/create3Git_ws/Ground-Air-ISE23-24/Code/Gazebo Simulation/Simulation_ws/install/irobot_create_nodes/share/irobot_create_nodes/environment/library_path.sh
[55.792s] -- Symlinking: /home/manuel/create3Git_ws/Ground-Air-ISE23-24/Code/Gazebo Simulation/Simulation_ws/install/irobot_create_nodes/share/irobot_create_nodes/environment/library_path.dsv
[55.800s] -- Symlinking: /home/manuel/create3Git_ws/Ground-Air-ISE23-24/Code/Gazebo Simulation/Simulation_ws/install/irobot_create_nodes/share/ament_index/resource_index/package_run_dependencies/irobot_create_nodes
[55.807s] -- Symlinking: /home/manuel/create3Git_ws/Ground-Air-ISE23-24/Code/Gazebo Simulation/Simulation_ws/install/irobot_create_nodes/share/ament_index/resource_index/parent_prefix_path/irobot_create_nodes
[55.814s] -- Symlinking: /home/manuel/create3Git_ws/Ground-Air-ISE23-24/Code/Gazebo Simulation/Simulation_ws/install/irobot_create_nodes/share/irobot_create_nodes/environment/ament_prefix_path.sh
[55.821s] -- Symlinking: /home/manuel/create3Git_ws/Ground-Air-ISE23-24/Code/Gazebo Simulation/Simulation_ws/install/irobot_create_nodes/share/irobot_create_nodes/environment/ament_prefix_path.dsv
[55.828s] -- Symlinking: /home/manuel/create3Git_ws/Ground-Air-ISE23-24/Code/Gazebo Simulation/Simulation_ws/install/irobot_create_nodes/share/irobot_create_nodes/environment/path.sh
[55.835s] -- Symlinking: /home/manuel/create3Git_ws/Ground-Air-ISE23-24/Code/Gazebo Simulation/Simulation_ws/install/irobot_create_nodes/share/irobot_create_nodes/environment/path.dsv
[55.843s] -- Symlinking: /home/manuel/create3Git_ws/Ground-Air-ISE23-24/Code/Gazebo Simulation/Simulation_ws/install/irobot_create_nodes/share/irobot_create_nodes/local_setup.bash
[55.851s] -- Symlinking: /home/manuel/create3Git_ws/Ground-Air-ISE23-24/Code/Gazebo Simulation/Simulation_ws/install/irobot_create_nodes/share/irobot_create_nodes/local_setup.sh
[55.859s] -- Symlinking: /home/manuel/create3Git_ws/Ground-Air-ISE23-24/Code/Gazebo Simulation/Simulation_ws/install/irobot_create_nodes/share/irobot_create_nodes/local_setup.zsh
[55.866s] -- Symlinking: /home/manuel/create3Git_ws/Ground-Air-ISE23-24/Code/Gazebo Simulation/Simulation_ws/install/irobot_create_nodes/share/irobot_create_nodes/local_setup.dsv
[55.873s] -- Symlinking: /home/manuel/create3Git_ws/Ground-Air-ISE23-24/Code/Gazebo Simulation/Simulation_ws/install/irobot_create_nodes/share/irobot_create_nodes/package.dsv
[55.881s] -- Symlinking: /home/manuel/create3Git_ws/Ground-Air-ISE23-24/Code/Gazebo Simulation/Simulation_ws/install/irobot_create_nodes/share/ament_index/resource_index/packages/irobot_create_nodes
[55.888s] -- Symlinking: /home/manuel/create3Git_ws/Ground-Air-ISE23-24/Code/Gazebo Simulation/Simulation_ws/install/irobot_create_nodes/share/ament_index/resource_index/rclcpp_components/irobot_create_nodes
[55.896s] -- Symlinking: /home/manuel/create3Git_ws/Ground-Air-ISE23-24/Code/Gazebo Simulation/Simulation_ws/install/irobot_create_nodes/share/irobot_create_nodes/cmake/ament_cmake_export_include_directories-extras.cmake
[55.904s] -- Symlinking: /home/manuel/create3Git_ws/Ground-Air-ISE23-24/Code/Gazebo Simulation/Simulation_ws/install/irobot_create_nodes/share/irobot_create_nodes/cmake/ament_cmake_export_libraries-extras.cmake
[55.912s] -- Symlinking: /home/manuel/create3Git_ws/Ground-Air-ISE23-24/Code/Gazebo Simulation/Simulation_ws/install/irobot_create_nodes/share/irobot_create_nodes/cmake/ament_cmake_export_dependencies-extras.cmake
[55.920s] -- Symlinking: /home/manuel/create3Git_ws/Ground-Air-ISE23-24/Code/Gazebo Simulation/Simulation_ws/install/irobot_create_nodes/share/irobot_create_nodes/cmake/irobot_create_nodesConfig.cmake
[55.927s] -- Symlinking: /home/manuel/create3Git_ws/Ground-Air-ISE23-24/Code/Gazebo Simulation/Simulation_ws/install/irobot_create_nodes/share/irobot_create_nodes/cmake/irobot_create_nodesConfig-version.cmake
[55.934s] -- Symlinking: /home/manuel/create3Git_ws/Ground-Air-ISE23-24/Code/Gazebo Simulation/Simulation_ws/install/irobot_create_nodes/share/irobot_create_nodes/package.xml
[55.943s] Invoked command in '/home/manuel/create3Git_ws/Ground-Air-ISE23-24/Code/Gazebo Simulation/Simulation_ws/build/irobot_create_nodes' returned '0': AMENT_PREFIX_PATH=/home/manuel/create3Git_ws/Ground-Air-ISE23-24/Code/Gazebo Simulation/Simulation_ws/install/irobot_create_toolbox:${AMENT_PREFIX_PATH} CMAKE_PREFIX_PATH=/home/manuel/create3Git_ws/Ground-Air-ISE23-24/Code/Gazebo Simulation/Simulation_ws/install/irobot_create_toolbox:/opt/ros/humble LD_LIBRARY_PATH=/home/manuel/create3Git_ws/Ground-Air-ISE23-24/Code/Gazebo Simulation/Simulation_ws/install/irobot_create_toolbox/lib:${LD_LIBRARY_PATH} /usr/bin/cmake --install /home/manuel/create3Git_ws/Ground-Air-ISE23-24/Code/Gazebo Simulation/Simulation_ws/build/irobot_create_nodes
