[0.158s] Invoking command in '/home/alex/Programming/ROS2/Ingenia/Ground-Air-ISE23-24/Code/Gazebo Simulation/Simulation_ws/build/irobot_create_ignition_toolbox': AMENT_PREFIX_PATH=/home/alex/Programming/ROS2/Ingenia/Ground-Air-ISE23-24/Code/Gazebo Simulation/Simulation_ws/install/irobot_create_toolbox:${AMENT_PREFIX_PATH} CMAKE_PREFIX_PATH=/home/alex/Programming/ROS2/Ingenia/Ground-Air-ISE23-24/Code/Gazebo Simulation/Simulation_ws/install/irobot_create_toolbox:/opt/ros/humble LD_LIBRARY_PATH=/home/alex/Programming/ROS2/Ingenia/Ground-Air-ISE23-24/Code/Gazebo Simulation/Simulation_ws/install/irobot_create_toolbox/lib:${LD_LIBRARY_PATH} /usr/bin/cmake /home/alex/Programming/ROS2/Ingenia/Ground-Air-ISE23-24/Code/Gazebo Simulation/Simulation_ws/src/create3_sim/irobot_create_ignition/irobot_create_ignition_toolbox -DAMENT_CMAKE_SYMLINK_INSTALL=1 -DCMAKE_INSTALL_PREFIX=/home/alex/Programming/ROS2/Ingenia/Ground-Air-ISE23-24/Code/Gazebo Simulation/Simulation_ws/install/irobot_create_ignition_toolbox
[0.484s] -- The C compiler identification is GNU 11.4.0
[0.781s] -- The CXX compiler identification is GNU 11.4.0
[0.831s] -- Detecting C compiler ABI info
[1.296s] -- Detecting C compiler ABI info - done
[1.335s] -- Check for working C compiler: /usr/bin/cc - skipped
[1.345s] -- Detecting C compile features
[1.347s] -- Detecting C compile features - done
[1.355s] -- Detecting CXX compiler ABI info
[1.919s] -- Detecting CXX compiler ABI info - done
[1.966s] -- Check for working CXX compiler: /usr/bin/c++ - skipped
[1.966s] -- Detecting CXX compile features
[1.968s] -- Detecting CXX compile features - done
[1.998s] -- Found ament_cmake: 1.3.8 (/opt/ros/humble/share/ament_cmake/cmake)
[2.823s] -- Found Python3: /usr/bin/python3 (found version "3.10.12") found components: Interpreter 
[3.170s] -- Override CMake install command with custom implementation using symlinks instead of copying resources
[3.351s] -- Found control_msgs: 4.4.0 (/opt/ros/humble/share/control_msgs/cmake)
[3.585s] -- Found rosidl_generator_c: 3.1.5 (/opt/ros/humble/share/rosidl_generator_c/cmake)
[3.631s] -- Found rosidl_adapter: 3.1.5 (/opt/ros/humble/share/rosidl_adapter/cmake)
[3.679s] -- Found rosidl_generator_cpp: 3.1.5 (/opt/ros/humble/share/rosidl_generator_cpp/cmake)
[3.767s] -- Using all available rosidl_typesupport_c: rosidl_typesupport_fastrtps_c;rosidl_typesupport_introspection_c
[3.885s] -- Using all available rosidl_typesupport_cpp: rosidl_typesupport_fastrtps_cpp;rosidl_typesupport_introspection_cpp
[6.293s] -- Found nav_msgs: 4.2.3 (/opt/ros/humble/share/nav_msgs/cmake)
[6.707s] -- Found irobot_create_msgs: 2.1.0 (/opt/ros/humble/share/irobot_create_msgs/cmake)
[7.241s] -- Found rclcpp: 16.0.8 (/opt/ros/humble/share/rclcpp/cmake)
[7.546s] -- Found rmw_implementation_cmake: 6.1.1 (/opt/ros/humble/share/rmw_implementation_cmake/cmake)
[7.565s] -- Found rmw_fastrtps_cpp: 6.2.6 (/opt/ros/humble/share/rmw_fastrtps_cpp/cmake)
[8.316s] -- Found OpenSSL: /usr/lib/x86_64-linux-gnu/libcrypto.so (found version "3.0.2")  
[8.483s] -- Found FastRTPS: /opt/ros/humble/include  
[8.702s] -- Using RMW implementation 'rmw_fastrtps_cpp' as default
[8.789s] -- Looking for pthread.h
[9.360s] -- Looking for pthread.h - found
[9.361s] -- Performing Test CMAKE_HAVE_LIBC_PTHREAD
[9.891s] -- Performing Test CMAKE_HAVE_LIBC_PTHREAD - Success
[9.893s] -- Found Threads: TRUE  
[10.669s] -- Found rclcpp_action: 16.0.8 (/opt/ros/humble/share/rclcpp_action/cmake)
[10.849s] -- Found tf2: 0.25.6 (/opt/ros/humble/share/tf2/cmake)
[10.910s] -- Found tf2_geometry_msgs: 0.25.6 (/opt/ros/humble/share/tf2_geometry_msgs/cmake)
[11.014s] -- Found eigen3_cmake_module: 0.1.1 (/opt/ros/humble/share/eigen3_cmake_module/cmake)
[11.018s] -- Found Eigen3: TRUE (found version "3.4.0") 
[11.019s] -- Ensuring Eigen3 include directory is part of orocos-kdl CMake target
[12.245s] -- Found irobot_create_toolbox: 2.0.0 (/home/alex/Programming/ROS2/Ingenia/Ground-Air-ISE23-24/Code/Gazebo Simulation/Simulation_ws/install/irobot_create_toolbox/share/irobot_create_toolbox/cmake)
[13.741s] -- Found ament_lint_auto: 0.12.10 (/opt/ros/humble/share/ament_lint_auto/cmake)
[14.186s] -- Added test 'cppcheck' to perform static code analysis on C / C++ code
[14.189s] -- Configured cppcheck include dirs: /home/alex/Programming/ROS2/Ingenia/Ground-Air-ISE23-24/Code/Gazebo Simulation/Simulation_ws/src/create3_sim/irobot_create_ignition/irobot_create_ignition_toolbox/include
[14.189s] -- Configured cppcheck exclude dirs and/or files: 
[14.205s] -- Added test 'cpplint' to check C / C++ code against the Google style
[14.205s] -- Configured cpplint exclude dirs and/or files: 
[14.209s] -- Added test 'lint_cmake' to check CMake code style
[14.221s] -- Added test 'uncrustify' to check C / C++ code style
[14.221s] -- Configured uncrustify additional arguments: 
[14.225s] -- Added test 'xmllint' to check XML markup files
[14.254s] -- Configuring done
[14.555s] -- Generating done
[14.571s] -- Build files have been written to: /home/alex/Programming/ROS2/Ingenia/Ground-Air-ISE23-24/Code/Gazebo Simulation/Simulation_ws/build/irobot_create_ignition_toolbox
[14.629s] Invoked command in '/home/alex/Programming/ROS2/Ingenia/Ground-Air-ISE23-24/Code/Gazebo Simulation/Simulation_ws/build/irobot_create_ignition_toolbox' returned '0': AMENT_PREFIX_PATH=/home/alex/Programming/ROS2/Ingenia/Ground-Air-ISE23-24/Code/Gazebo Simulation/Simulation_ws/install/irobot_create_toolbox:${AMENT_PREFIX_PATH} CMAKE_PREFIX_PATH=/home/alex/Programming/ROS2/Ingenia/Ground-Air-ISE23-24/Code/Gazebo Simulation/Simulation_ws/install/irobot_create_toolbox:/opt/ros/humble LD_LIBRARY_PATH=/home/alex/Programming/ROS2/Ingenia/Ground-Air-ISE23-24/Code/Gazebo Simulation/Simulation_ws/install/irobot_create_toolbox/lib:${LD_LIBRARY_PATH} /usr/bin/cmake /home/alex/Programming/ROS2/Ingenia/Ground-Air-ISE23-24/Code/Gazebo Simulation/Simulation_ws/src/create3_sim/irobot_create_ignition/irobot_create_ignition_toolbox -DAMENT_CMAKE_SYMLINK_INSTALL=1 -DCMAKE_INSTALL_PREFIX=/home/alex/Programming/ROS2/Ingenia/Ground-Air-ISE23-24/Code/Gazebo Simulation/Simulation_ws/install/irobot_create_ignition_toolbox
[14.630s] Invoking command in '/home/alex/Programming/ROS2/Ingenia/Ground-Air-ISE23-24/Code/Gazebo Simulation/Simulation_ws/build/irobot_create_ignition_toolbox': AMENT_PREFIX_PATH=/home/alex/Programming/ROS2/Ingenia/Ground-Air-ISE23-24/Code/Gazebo Simulation/Simulation_ws/install/irobot_create_toolbox:${AMENT_PREFIX_PATH} CMAKE_PREFIX_PATH=/home/alex/Programming/ROS2/Ingenia/Ground-Air-ISE23-24/Code/Gazebo Simulation/Simulation_ws/install/irobot_create_toolbox:/opt/ros/humble LD_LIBRARY_PATH=/home/alex/Programming/ROS2/Ingenia/Ground-Air-ISE23-24/Code/Gazebo Simulation/Simulation_ws/install/irobot_create_toolbox/lib:${LD_LIBRARY_PATH} /usr/bin/cmake --build /home/alex/Programming/ROS2/Ingenia/Ground-Air-ISE23-24/Code/Gazebo Simulation/Simulation_ws/build/irobot_create_ignition_toolbox -- -j8 -l8
[15.036s] [  5%] [32mBuilding CXX object CMakeFiles/irobot_create_ignition_pose_republisher_lib.dir/src/pose_republisher/pose_republisher_node.cpp.o[0m
[15.048s] [ 11%] [32mBuilding CXX object CMakeFiles/irobot_create_ignition_sensors_lib.dir/src/sensors/sensors_node.cpp.o[0m
[15.103s] [ 16%] [32mBuilding CXX object CMakeFiles/irobot_create_ignition_sensors_lib.dir/src/sensors/bumper.cpp.o[0m
[15.105s] [ 22%] [32mBuilding CXX object CMakeFiles/irobot_create_ignition_sensors_lib.dir/src/sensors/ir_intensity.cpp.o[0m
[15.117s] [ 27%] [32mBuilding CXX object CMakeFiles/irobot_create_ignition_sensors_lib.dir/src/sensors/cliff.cpp.o[0m
[15.121s] [ 33%] [32mBuilding CXX object CMakeFiles/irobot_create_ignition_interface_buttons_lib.dir/src/interface_buttons/interface_buttons_node.cpp.o[0m
[15.153s] [ 38%] [32mBuilding CXX object CMakeFiles/irobot_create_ignition_sensors_lib.dir/src/sensors/ir_opcode.cpp.o[0m
[15.169s] [ 44%] [32mBuilding CXX object CMakeFiles/irobot_create_ignition_sensors_lib.dir/src/sensors/mouse.cpp.o[0m
