[0.012s] Invoking command in '/home/manuel/create3Git_ws/Ground-Air-ISE23-24/Code/Gazebo Simulation/Simulation_ws/build/irobot_create_common_bringup': AMENT_PREFIX_PATH=/home/manuel/create3Git_ws/Ground-Air-ISE23-24/Code/Gazebo Simulation/Simulation_ws/install/irobot_create_nodes:/home/manuel/create3Git_ws/Ground-Air-ISE23-24/Code/Gazebo Simulation/Simulation_ws/install/irobot_create_description:/home/manuel/create3Git_ws/Ground-Air-ISE23-24/Code/Gazebo Simulation/Simulation_ws/install/irobot_create_toolbox:/home/manuel/create3Git_ws/Ground-Air-ISE23-24/Code/Gazebo Simulation/Simulation_ws/install/irobot_create_control:${AMENT_PREFIX_PATH} CMAKE_PREFIX_PATH=/home/manuel/create3Git_ws/Ground-Air-ISE23-24/Code/Gazebo Simulation/Simulation_ws/install/irobot_create_nodes:/home/manuel/create3Git_ws/Ground-Air-ISE23-24/Code/Gazebo Simulation/Simulation_ws/install/irobot_create_description:/home/manuel/create3Git_ws/Ground-Air-ISE23-24/Code/Gazebo Simulation/Simulation_ws/install/irobot_create_toolbox:/home/manuel/create3Git_ws/Ground-Air-ISE23-24/Code/Gazebo Simulation/Simulation_ws/install/irobot_create_control:/opt/ros/humble LD_LIBRARY_PATH=/home/manuel/create3Git_ws/Ground-Air-ISE23-24/Code/Gazebo Simulation/Simulation_ws/install/irobot_create_nodes/lib:/home/manuel/create3Git_ws/Ground-Air-ISE23-24/Code/Gazebo Simulation/Simulation_ws/install/irobot_create_toolbox/lib:${LD_LIBRARY_PATH} /usr/bin/cmake --build /home/manuel/create3Git_ws/Ground-Air-ISE23-24/Code/Gazebo Simulation/Simulation_ws/build/irobot_create_common_bringup -- -j16 -l16
[0.070s] Built target ament_cmake_python_symlink_irobot_create_common_bringup
[0.321s] running egg_info
[0.322s] writing irobot_create_common_bringup.egg-info/PKG-INFO
[0.322s] writing dependency_links to irobot_create_common_bringup.egg-info/dependency_links.txt
[0.322s] writing top-level names to irobot_create_common_bringup.egg-info/top_level.txt
[0.324s] reading manifest file 'irobot_create_common_bringup.egg-info/SOURCES.txt'
[0.324s] writing manifest file 'irobot_create_common_bringup.egg-info/SOURCES.txt'
[0.343s] Built target ament_cmake_python_build_irobot_create_common_bringup_egg
[0.356s] Invoked command in '/home/manuel/create3Git_ws/Ground-Air-ISE23-24/Code/Gazebo Simulation/Simulation_ws/build/irobot_create_common_bringup' returned '0': AMENT_PREFIX_PATH=/home/manuel/create3Git_ws/Ground-Air-ISE23-24/Code/Gazebo Simulation/Simulation_ws/install/irobot_create_nodes:/home/manuel/create3Git_ws/Ground-Air-ISE23-24/Code/Gazebo Simulation/Simulation_ws/install/irobot_create_description:/home/manuel/create3Git_ws/Ground-Air-ISE23-24/Code/Gazebo Simulation/Simulation_ws/install/irobot_create_toolbox:/home/manuel/create3Git_ws/Ground-Air-ISE23-24/Code/Gazebo Simulation/Simulation_ws/install/irobot_create_control:${AMENT_PREFIX_PATH} CMAKE_PREFIX_PATH=/home/manuel/create3Git_ws/Ground-Air-ISE23-24/Code/Gazebo Simulation/Simulation_ws/install/irobot_create_nodes:/home/manuel/create3Git_ws/Ground-Air-ISE23-24/Code/Gazebo Simulation/Simulation_ws/install/irobot_create_description:/home/manuel/create3Git_ws/Ground-Air-ISE23-24/Code/Gazebo Simulation/Simulation_ws/install/irobot_create_toolbox:/home/manuel/create3Git_ws/Ground-Air-ISE23-24/Code/Gazebo Simulation/Simulation_ws/install/irobot_create_control:/opt/ros/humble LD_LIBRARY_PATH=/home/manuel/create3Git_ws/Ground-Air-ISE23-24/Code/Gazebo Simulation/Simulation_ws/install/irobot_create_nodes/lib:/home/manuel/create3Git_ws/Ground-Air-ISE23-24/Code/Gazebo Simulation/Simulation_ws/install/irobot_create_toolbox/lib:${LD_LIBRARY_PATH} /usr/bin/cmake --build /home/manuel/create3Git_ws/Ground-Air-ISE23-24/Code/Gazebo Simulation/Simulation_ws/build/irobot_create_common_bringup -- -j16 -l16
[0.394s] Invoking command in '/home/manuel/create3Git_ws/Ground-Air-ISE23-24/Code/Gazebo Simulation/Simulation_ws/build/irobot_create_common_bringup': AMENT_PREFIX_PATH=/home/manuel/create3Git_ws/Ground-Air-ISE23-24/Code/Gazebo Simulation/Simulation_ws/install/irobot_create_nodes:/home/manuel/create3Git_ws/Ground-Air-ISE23-24/Code/Gazebo Simulation/Simulation_ws/install/irobot_create_description:/home/manuel/create3Git_ws/Ground-Air-ISE23-24/Code/Gazebo Simulation/Simulation_ws/install/irobot_create_toolbox:/home/manuel/create3Git_ws/Ground-Air-ISE23-24/Code/Gazebo Simulation/Simulation_ws/install/irobot_create_control:${AMENT_PREFIX_PATH} CMAKE_PREFIX_PATH=/home/manuel/create3Git_ws/Ground-Air-ISE23-24/Code/Gazebo Simulation/Simulation_ws/install/irobot_create_nodes:/home/manuel/create3Git_ws/Ground-Air-ISE23-24/Code/Gazebo Simulation/Simulation_ws/install/irobot_create_description:/home/manuel/create3Git_ws/Ground-Air-ISE23-24/Code/Gazebo Simulation/Simulation_ws/install/irobot_create_toolbox:/home/manuel/create3Git_ws/Ground-Air-ISE23-24/Code/Gazebo Simulation/Simulation_ws/install/irobot_create_control:/opt/ros/humble LD_LIBRARY_PATH=/home/manuel/create3Git_ws/Ground-Air-ISE23-24/Code/Gazebo Simulation/Simulation_ws/install/irobot_create_nodes/lib:/home/manuel/create3Git_ws/Ground-Air-ISE23-24/Code/Gazebo Simulation/Simulation_ws/install/irobot_create_toolbox/lib:${LD_LIBRARY_PATH} /usr/bin/cmake --install /home/manuel/create3Git_ws/Ground-Air-ISE23-24/Code/Gazebo Simulation/Simulation_ws/build/irobot_create_common_bringup
[0.406s] -- Install configuration: ""
[0.407s] -- Execute custom install script
[0.408s] -- Up-to-date symlink: /home/manuel/create3Git_ws/Ground-Air-ISE23-24/Code/Gazebo Simulation/Simulation_ws/install/irobot_create_common_bringup/share/irobot_create_common_bringup/config/hazard_vector_params.yaml
[0.408s] -- Up-to-date symlink: /home/manuel/create3Git_ws/Ground-Air-ISE23-24/Code/Gazebo Simulation/Simulation_ws/install/irobot_create_common_bringup/share/irobot_create_common_bringup/config/ir_intensity_vector_params.yaml
[0.408s] -- Up-to-date symlink: /home/manuel/create3Git_ws/Ground-Air-ISE23-24/Code/Gazebo Simulation/Simulation_ws/install/irobot_create_common_bringup/share/irobot_create_common_bringup/config/kidnap_estimator_params.yaml
[0.408s] -- Up-to-date symlink: /home/manuel/create3Git_ws/Ground-Air-ISE23-24/Code/Gazebo Simulation/Simulation_ws/install/irobot_create_common_bringup/share/irobot_create_common_bringup/config/mock_params.yaml
[0.409s] -- Up-to-date symlink: /home/manuel/create3Git_ws/Ground-Air-ISE23-24/Code/Gazebo Simulation/Simulation_ws/install/irobot_create_common_bringup/share/irobot_create_common_bringup/config/robot_state_params.yaml
[0.409s] -- Up-to-date symlink: /home/manuel/create3Git_ws/Ground-Air-ISE23-24/Code/Gazebo Simulation/Simulation_ws/install/irobot_create_common_bringup/share/irobot_create_common_bringup/config/ui_mgr_params.yaml
[0.409s] -- Up-to-date symlink: /home/manuel/create3Git_ws/Ground-Air-ISE23-24/Code/Gazebo Simulation/Simulation_ws/install/irobot_create_common_bringup/share/irobot_create_common_bringup/config/wheel_status_params.yaml
[0.410s] -- Up-to-date symlink: /home/manuel/create3Git_ws/Ground-Air-ISE23-24/Code/Gazebo Simulation/Simulation_ws/install/irobot_create_common_bringup/share/irobot_create_common_bringup/launch/create3_nodes.launch.py
[0.410s] -- Up-to-date symlink: /home/manuel/create3Git_ws/Ground-Air-ISE23-24/Code/Gazebo Simulation/Simulation_ws/install/irobot_create_common_bringup/share/irobot_create_common_bringup/launch/dock_description.launch.py
[0.410s] -- Up-to-date symlink: /home/manuel/create3Git_ws/Ground-Air-ISE23-24/Code/Gazebo Simulation/Simulation_ws/install/irobot_create_common_bringup/share/irobot_create_common_bringup/launch/robot_description.launch.py
[0.410s] -- Up-to-date symlink: /home/manuel/create3Git_ws/Ground-Air-ISE23-24/Code/Gazebo Simulation/Simulation_ws/install/irobot_create_common_bringup/share/irobot_create_common_bringup/launch/rviz2.launch.py
[0.411s] -- Up-to-date symlink: /home/manuel/create3Git_ws/Ground-Air-ISE23-24/Code/Gazebo Simulation/Simulation_ws/install/irobot_create_common_bringup/share/irobot_create_common_bringup/rviz/irobot_create_view.rviz
[0.411s] -- Up-to-date symlink: /home/manuel/create3Git_ws/Ground-Air-ISE23-24/Code/Gazebo Simulation/Simulation_ws/install/irobot_create_common_bringup/share/irobot_create_common_bringup/rviz/irobot_logo.jpg
[0.411s] -- Up-to-date symlink: /home/manuel/create3Git_ws/Ground-Air-ISE23-24/Code/Gazebo Simulation/Simulation_ws/install/irobot_create_common_bringup/share/irobot_create_common_bringup/environment/pythonpath.sh
[0.412s] -- Up-to-date symlink: /home/manuel/create3Git_ws/Ground-Air-ISE23-24/Code/Gazebo Simulation/Simulation_ws/install/irobot_create_common_bringup/share/irobot_create_common_bringup/environment/pythonpath.dsv
[0.412s] -- Up-to-date symlink: /home/manuel/create3Git_ws/Ground-Air-ISE23-24/Code/Gazebo Simulation/Simulation_ws/install/irobot_create_common_bringup/local/lib/python3.10/dist-packages/irobot_create_common_bringup-2.0.0-py3.10.egg-info/PKG-INFO
[0.413s] -- Up-to-date symlink: /home/manuel/create3Git_ws/Ground-Air-ISE23-24/Code/Gazebo Simulation/Simulation_ws/install/irobot_create_common_bringup/local/lib/python3.10/dist-packages/irobot_create_common_bringup-2.0.0-py3.10.egg-info/SOURCES.txt
[0.413s] -- Up-to-date symlink: /home/manuel/create3Git_ws/Ground-Air-ISE23-24/Code/Gazebo Simulation/Simulation_ws/install/irobot_create_common_bringup/local/lib/python3.10/dist-packages/irobot_create_common_bringup-2.0.0-py3.10.egg-info/dependency_links.txt
[0.413s] -- Up-to-date symlink: /home/manuel/create3Git_ws/Ground-Air-ISE23-24/Code/Gazebo Simulation/Simulation_ws/install/irobot_create_common_bringup/local/lib/python3.10/dist-packages/irobot_create_common_bringup-2.0.0-py3.10.egg-info/top_level.txt
[0.414s] -- Up-to-date symlink: /home/manuel/create3Git_ws/Ground-Air-ISE23-24/Code/Gazebo Simulation/Simulation_ws/install/irobot_create_common_bringup/local/lib/python3.10/dist-packages/irobot_create_common_bringup/__init__.py
[0.414s] -- Up-to-date symlink: /home/manuel/create3Git_ws/Ground-Air-ISE23-24/Code/Gazebo Simulation/Simulation_ws/install/irobot_create_common_bringup/local/lib/python3.10/dist-packages/irobot_create_common_bringup/namespace.py
[0.414s] -- Up-to-date symlink: /home/manuel/create3Git_ws/Ground-Air-ISE23-24/Code/Gazebo Simulation/Simulation_ws/install/irobot_create_common_bringup/local/lib/python3.10/dist-packages/irobot_create_common_bringup/offset.py
[0.415s] -- Up-to-date symlink: /home/manuel/create3Git_ws/Ground-Air-ISE23-24/Code/Gazebo Simulation/Simulation_ws/install/irobot_create_common_bringup/share/ament_index/resource_index/package_run_dependencies/irobot_create_common_bringup
[0.415s] -- Up-to-date symlink: /home/manuel/create3Git_ws/Ground-Air-ISE23-24/Code/Gazebo Simulation/Simulation_ws/install/irobot_create_common_bringup/share/ament_index/resource_index/parent_prefix_path/irobot_create_common_bringup
[0.416s] -- Up-to-date symlink: /home/manuel/create3Git_ws/Ground-Air-ISE23-24/Code/Gazebo Simulation/Simulation_ws/install/irobot_create_common_bringup/share/irobot_create_common_bringup/environment/ament_prefix_path.sh
[0.416s] -- Up-to-date symlink: /home/manuel/create3Git_ws/Ground-Air-ISE23-24/Code/Gazebo Simulation/Simulation_ws/install/irobot_create_common_bringup/share/irobot_create_common_bringup/environment/ament_prefix_path.dsv
[0.416s] -- Up-to-date symlink: /home/manuel/create3Git_ws/Ground-Air-ISE23-24/Code/Gazebo Simulation/Simulation_ws/install/irobot_create_common_bringup/share/irobot_create_common_bringup/environment/path.sh
[0.416s] -- Up-to-date symlink: /home/manuel/create3Git_ws/Ground-Air-ISE23-24/Code/Gazebo Simulation/Simulation_ws/install/irobot_create_common_bringup/share/irobot_create_common_bringup/environment/path.dsv
[0.417s] -- Up-to-date symlink: /home/manuel/create3Git_ws/Ground-Air-ISE23-24/Code/Gazebo Simulation/Simulation_ws/install/irobot_create_common_bringup/share/irobot_create_common_bringup/local_setup.bash
[0.417s] -- Up-to-date symlink: /home/manuel/create3Git_ws/Ground-Air-ISE23-24/Code/Gazebo Simulation/Simulation_ws/install/irobot_create_common_bringup/share/irobot_create_common_bringup/local_setup.sh
[0.417s] -- Up-to-date symlink: /home/manuel/create3Git_ws/Ground-Air-ISE23-24/Code/Gazebo Simulation/Simulation_ws/install/irobot_create_common_bringup/share/irobot_create_common_bringup/local_setup.zsh
[0.418s] -- Up-to-date symlink: /home/manuel/create3Git_ws/Ground-Air-ISE23-24/Code/Gazebo Simulation/Simulation_ws/install/irobot_create_common_bringup/share/irobot_create_common_bringup/local_setup.dsv
[0.418s] -- Symlinking: /home/manuel/create3Git_ws/Ground-Air-ISE23-24/Code/Gazebo Simulation/Simulation_ws/install/irobot_create_common_bringup/share/irobot_create_common_bringup/package.dsv
[0.424s] -- Up-to-date symlink: /home/manuel/create3Git_ws/Ground-Air-ISE23-24/Code/Gazebo Simulation/Simulation_ws/install/irobot_create_common_bringup/share/ament_index/resource_index/packages/irobot_create_common_bringup
[0.424s] -- Up-to-date symlink: /home/manuel/create3Git_ws/Ground-Air-ISE23-24/Code/Gazebo Simulation/Simulation_ws/install/irobot_create_common_bringup/share/irobot_create_common_bringup/cmake/irobot_create_common_bringupConfig.cmake
[0.424s] -- Up-to-date symlink: /home/manuel/create3Git_ws/Ground-Air-ISE23-24/Code/Gazebo Simulation/Simulation_ws/install/irobot_create_common_bringup/share/irobot_create_common_bringup/cmake/irobot_create_common_bringupConfig-version.cmake
[0.424s] -- Up-to-date symlink: /home/manuel/create3Git_ws/Ground-Air-ISE23-24/Code/Gazebo Simulation/Simulation_ws/install/irobot_create_common_bringup/share/irobot_create_common_bringup/package.xml
[0.470s] Listing '/home/manuel/create3Git_ws/Ground-Air-ISE23-24/Code/Gazebo Simulation/Simulation_ws/install/irobot_create_common_bringup/local/lib/python3.10/dist-packages/irobot_create_common_bringup'...
[0.480s] Invoked command in '/home/manuel/create3Git_ws/Ground-Air-ISE23-24/Code/Gazebo Simulation/Simulation_ws/build/irobot_create_common_bringup' returned '0': AMENT_PREFIX_PATH=/home/manuel/create3Git_ws/Ground-Air-ISE23-24/Code/Gazebo Simulation/Simulation_ws/install/irobot_create_nodes:/home/manuel/create3Git_ws/Ground-Air-ISE23-24/Code/Gazebo Simulation/Simulation_ws/install/irobot_create_description:/home/manuel/create3Git_ws/Ground-Air-ISE23-24/Code/Gazebo Simulation/Simulation_ws/install/irobot_create_toolbox:/home/manuel/create3Git_ws/Ground-Air-ISE23-24/Code/Gazebo Simulation/Simulation_ws/install/irobot_create_control:${AMENT_PREFIX_PATH} CMAKE_PREFIX_PATH=/home/manuel/create3Git_ws/Ground-Air-ISE23-24/Code/Gazebo Simulation/Simulation_ws/install/irobot_create_nodes:/home/manuel/create3Git_ws/Ground-Air-ISE23-24/Code/Gazebo Simulation/Simulation_ws/install/irobot_create_description:/home/manuel/create3Git_ws/Ground-Air-ISE23-24/Code/Gazebo Simulation/Simulation_ws/install/irobot_create_toolbox:/home/manuel/create3Git_ws/Ground-Air-ISE23-24/Code/Gazebo Simulation/Simulation_ws/install/irobot_create_control:/opt/ros/humble LD_LIBRARY_PATH=/home/manuel/create3Git_ws/Ground-Air-ISE23-24/Code/Gazebo Simulation/Simulation_ws/install/irobot_create_nodes/lib:/home/manuel/create3Git_ws/Ground-Air-ISE23-24/Code/Gazebo Simulation/Simulation_ws/install/irobot_create_toolbox/lib:${LD_LIBRARY_PATH} /usr/bin/cmake --install /home/manuel/create3Git_ws/Ground-Air-ISE23-24/Code/Gazebo Simulation/Simulation_ws/build/irobot_create_common_bringup
