[35m[1mConsolidate compiler generated dependencies of target ir_intensity_vector_publisher[0m
[35m[1mConsolidate compiler generated dependencies of target hazard_publisher_lib[0m
[35m[1mConsolidate compiler generated dependencies of target hazards_vector_publisher[0m
[35m[1mConsolidate compiler generated dependencies of target ir_intensity_publisher_lib[0m
[35m[1mConsolidate compiler generated dependencies of target wheel_status_publisher[0m
[35m[1mConsolidate compiler generated dependencies of target motion_control[0m
[35m[1mConsolidate compiler generated dependencies of target wheel_status_publisher_lib[0m
[  2%] [32mBuilding CXX object CMakeFiles/motion_control_lib.dir/src/motion_control_node.cpp.o[0m
[  8%] Built target ir_intensity_vector_publisher
[ 18%] Built target hazard_publisher_lib
[ 18%] Built target hazards_vector_publisher
[ 24%] Built target wheel_status_publisher
[ 29%] Built target motion_control
[ 35%] Built target wheel_status_publisher_lib
[ 40%] Built target ir_intensity_publisher_lib
[35m[1mConsolidate compiler generated dependencies of target ui_mgr[0m
[35m[1mConsolidate compiler generated dependencies of target robot_state[0m
[35m[1mConsolidate compiler generated dependencies of target mock_publisher[0m
[ 43%] [32mBuilding CXX object CMakeFiles/robot_state_lib.dir/src/robot_state.cpp.o[0m
[ 45%] [32mBuilding CXX object CMakeFiles/ui_mgr_lib.dir/src/ui_mgr.cpp.o[0m
[ 48%] [32mBuilding CXX object CMakeFiles/mock_publisher_lib.dir/src/mock_publisher.cpp.o[0m
[ 54%] Built target ui_mgr
[ 59%] Built target robot_state
[ 62%] [32mBuilding CXX object CMakeFiles/kidnap_estimator_publisher_lib.dir/src/kidnap_estimator_publisher.cpp.o[0m
[ 67%] Built target mock_publisher
[ 70%] [32mBuilding CXX object CMakeFiles/motion_control_lib.dir/src/motion_control/docking_behavior.cpp.o[0m
[ 72%] [32mBuilding CXX object CMakeFiles/motion_control_lib.dir/src/motion_control/drive_goal_behaviors.cpp.o[0m
[ 75%] [32mBuilding CXX object CMakeFiles/kidnap_estimator_publisher.dir/rclcpp_components/node_main_kidnap_estimator_publisher.cpp.o[0m
