[0.014s] Invoking command in '/home/alex/Programming/ROS2/Ingenia/Ground-Air-ISE23-24/Code/Gazebo Simulation/Simulation_ws/build/irobot_create_toolbox': CMAKE_PREFIX_PATH=/opt/ros/humble /usr/bin/cmake --build /home/alex/Programming/ROS2/Ingenia/Ground-Air-ISE23-24/Code/Gazebo Simulation/Simulation_ws/build/irobot_create_toolbox -- -j8 -l8
[0.086s] [100%] Built target irobot_create_toolbox
[0.111s] Invoked command in '/home/alex/Programming/ROS2/Ingenia/Ground-Air-ISE23-24/Code/Gazebo Simulation/Simulation_ws/build/irobot_create_toolbox' returned '0': CMAKE_PREFIX_PATH=/opt/ros/humble /usr/bin/cmake --build /home/alex/Programming/ROS2/Ingenia/Ground-Air-ISE23-24/Code/Gazebo Simulation/Simulation_ws/build/irobot_create_toolbox -- -j8 -l8
[0.157s] Invoking command in '/home/alex/Programming/ROS2/Ingenia/Ground-Air-ISE23-24/Code/Gazebo Simulation/Simulation_ws/build/irobot_create_toolbox': CMAKE_PREFIX_PATH=/opt/ros/humble /usr/bin/cmake --install /home/alex/Programming/ROS2/Ingenia/Ground-Air-ISE23-24/Code/Gazebo Simulation/Simulation_ws/build/irobot_create_toolbox
[0.165s] -- Install configuration: ""
[0.166s] -- Execute custom install script
[0.167s] -- Up-to-date symlink: /home/alex/Programming/ROS2/Ingenia/Ground-Air-ISE23-24/Code/Gazebo Simulation/Simulation_ws/install/irobot_create_toolbox/lib/libirobot_create_toolbox.so
[0.167s] -- Up-to-date symlink: /home/alex/Programming/ROS2/Ingenia/Ground-Air-ISE23-24/Code/Gazebo Simulation/Simulation_ws/install/irobot_create_toolbox/include/irobot_create_toolbox/math.hpp
[0.167s] -- Up-to-date symlink: /home/alex/Programming/ROS2/Ingenia/Ground-Air-ISE23-24/Code/Gazebo Simulation/Simulation_ws/install/irobot_create_toolbox/include/irobot_create_toolbox/polar_coordinates.hpp
[0.168s] -- Up-to-date symlink: /home/alex/Programming/ROS2/Ingenia/Ground-Air-ISE23-24/Code/Gazebo Simulation/Simulation_ws/install/irobot_create_toolbox/include/irobot_create_toolbox/sensors/bumpers.hpp
[0.168s] -- Up-to-date symlink: /home/alex/Programming/ROS2/Ingenia/Ground-Air-ISE23-24/Code/Gazebo Simulation/Simulation_ws/install/irobot_create_toolbox/share/irobot_create_toolbox/environment/library_path.sh
[0.169s] -- Up-to-date symlink: /home/alex/Programming/ROS2/Ingenia/Ground-Air-ISE23-24/Code/Gazebo Simulation/Simulation_ws/install/irobot_create_toolbox/share/irobot_create_toolbox/environment/library_path.dsv
[0.169s] -- Up-to-date symlink: /home/alex/Programming/ROS2/Ingenia/Ground-Air-ISE23-24/Code/Gazebo Simulation/Simulation_ws/install/irobot_create_toolbox/share/ament_index/resource_index/package_run_dependencies/irobot_create_toolbox
[0.170s] -- Up-to-date symlink: /home/alex/Programming/ROS2/Ingenia/Ground-Air-ISE23-24/Code/Gazebo Simulation/Simulation_ws/install/irobot_create_toolbox/share/ament_index/resource_index/parent_prefix_path/irobot_create_toolbox
[0.170s] -- Up-to-date symlink: /home/alex/Programming/ROS2/Ingenia/Ground-Air-ISE23-24/Code/Gazebo Simulation/Simulation_ws/install/irobot_create_toolbox/share/irobot_create_toolbox/environment/ament_prefix_path.sh
[0.170s] -- Up-to-date symlink: /home/alex/Programming/ROS2/Ingenia/Ground-Air-ISE23-24/Code/Gazebo Simulation/Simulation_ws/install/irobot_create_toolbox/share/irobot_create_toolbox/environment/ament_prefix_path.dsv
[0.171s] -- Up-to-date symlink: /home/alex/Programming/ROS2/Ingenia/Ground-Air-ISE23-24/Code/Gazebo Simulation/Simulation_ws/install/irobot_create_toolbox/share/irobot_create_toolbox/environment/path.sh
[0.171s] -- Up-to-date symlink: /home/alex/Programming/ROS2/Ingenia/Ground-Air-ISE23-24/Code/Gazebo Simulation/Simulation_ws/install/irobot_create_toolbox/share/irobot_create_toolbox/environment/path.dsv
[0.171s] -- Up-to-date symlink: /home/alex/Programming/ROS2/Ingenia/Ground-Air-ISE23-24/Code/Gazebo Simulation/Simulation_ws/install/irobot_create_toolbox/share/irobot_create_toolbox/local_setup.bash
[0.172s] -- Up-to-date symlink: /home/alex/Programming/ROS2/Ingenia/Ground-Air-ISE23-24/Code/Gazebo Simulation/Simulation_ws/install/irobot_create_toolbox/share/irobot_create_toolbox/local_setup.sh
[0.172s] -- Up-to-date symlink: /home/alex/Programming/ROS2/Ingenia/Ground-Air-ISE23-24/Code/Gazebo Simulation/Simulation_ws/install/irobot_create_toolbox/share/irobot_create_toolbox/local_setup.zsh
[0.172s] -- Up-to-date symlink: /home/alex/Programming/ROS2/Ingenia/Ground-Air-ISE23-24/Code/Gazebo Simulation/Simulation_ws/install/irobot_create_toolbox/share/irobot_create_toolbox/local_setup.dsv
[0.173s] -- Symlinking: /home/alex/Programming/ROS2/Ingenia/Ground-Air-ISE23-24/Code/Gazebo Simulation/Simulation_ws/install/irobot_create_toolbox/share/irobot_create_toolbox/package.dsv
[0.185s] -- Up-to-date symlink: /home/alex/Programming/ROS2/Ingenia/Ground-Air-ISE23-24/Code/Gazebo Simulation/Simulation_ws/install/irobot_create_toolbox/share/ament_index/resource_index/packages/irobot_create_toolbox
[0.186s] -- Up-to-date symlink: /home/alex/Programming/ROS2/Ingenia/Ground-Air-ISE23-24/Code/Gazebo Simulation/Simulation_ws/install/irobot_create_toolbox/share/irobot_create_toolbox/cmake/ament_cmake_export_include_directories-extras.cmake
[0.188s] -- Up-to-date symlink: /home/alex/Programming/ROS2/Ingenia/Ground-Air-ISE23-24/Code/Gazebo Simulation/Simulation_ws/install/irobot_create_toolbox/share/irobot_create_toolbox/cmake/ament_cmake_export_libraries-extras.cmake
[0.188s] -- Up-to-date symlink: /home/alex/Programming/ROS2/Ingenia/Ground-Air-ISE23-24/Code/Gazebo Simulation/Simulation_ws/install/irobot_create_toolbox/share/irobot_create_toolbox/cmake/ament_cmake_export_dependencies-extras.cmake
[0.188s] -- Up-to-date symlink: /home/alex/Programming/ROS2/Ingenia/Ground-Air-ISE23-24/Code/Gazebo Simulation/Simulation_ws/install/irobot_create_toolbox/share/irobot_create_toolbox/cmake/irobot_create_toolboxConfig.cmake
[0.188s] -- Up-to-date symlink: /home/alex/Programming/ROS2/Ingenia/Ground-Air-ISE23-24/Code/Gazebo Simulation/Simulation_ws/install/irobot_create_toolbox/share/irobot_create_toolbox/cmake/irobot_create_toolboxConfig-version.cmake
[0.189s] -- Up-to-date symlink: /home/alex/Programming/ROS2/Ingenia/Ground-Air-ISE23-24/Code/Gazebo Simulation/Simulation_ws/install/irobot_create_toolbox/share/irobot_create_toolbox/package.xml
[0.197s] Invoked command in '/home/alex/Programming/ROS2/Ingenia/Ground-Air-ISE23-24/Code/Gazebo Simulation/Simulation_ws/build/irobot_create_toolbox' returned '0': CMAKE_PREFIX_PATH=/opt/ros/humble /usr/bin/cmake --install /home/alex/Programming/ROS2/Ingenia/Ground-Air-ISE23-24/Code/Gazebo Simulation/Simulation_ws/build/irobot_create_toolbox
